# JRE version: OpenJDK Runtime Environment Temurin-21.0.10+7 (21.0.10+7) (build 21.0.10+7-LTS)
# Java VM: OpenJDK 64-Bit Server VM Temurin-21.0.10+7 (21.0.10+7-LTS, mixed mode, sharing, tiered, compressed oops, compressed class ptrs, parallel gc, windows-amd64)
GC Precious Log:
 CardTable entry size: 512
 CPUs: 8 total, 8 available
 Memory: 15792M
 Large Page Support: Disabled
 NUMA Support: Disabled
 Compressed Oops: Enabled (32-bit)
 Alignments: Space 512K, Generation 512K, Heap 2M
 Heap Min Capacity: 100M
 Heap Initial Capacity: 100M
 Heap Max Capacity: 2G
 Pre-touch: Disabled
 Parallel Workers: 8
Heap:
 PSYoungGen      total 4096K, used 2436K [0x00000000d5580000, 0x00000000d5d00000, 0x0000000100000000)
  eden space 3584K, 59% used [0x00000000d5580000,0x00000000d5791278,0x00000000d5900000)
  from space 512K, 62% used [0x00000000d5c80000,0x00000000d5cd0000,0x00000000d5d00000)
  to   space 512K, 0% used [0x00000000d5c00000,0x00000000d5c00000,0x00000000d5c80000)
 ParOldGen       total 588800K, used 588699K [0x0000000080000000, 0x00000000a3f00000, 0x00000000d5580000)
  object space 588800K, 99% used [0x0000000080000000,0x00000000a3ee6c28,0x00000000a3f00000)
 Metaspace       used 78252K, committed 79936K, reserved 1179648K
  class space    used 8330K, committed 9152K, reserved 1048576K
GC Heap History (20 events):
Event: 478.979 GC heap before
{Heap before GC invocations=904 (full 3):
 PSYoungGen      total 4096K, used 4068K [0x00000000d5580000, 0x00000000d5d00000, 0x0000000100000000)
  eden space 3584K, 100% used [0x00000000d5580000,0x00000000d5900000,0x00000000d5900000)
  from space 512K, 94% used [0x00000000d5c80000,0x00000000d5cf91e0,0x00000000d5d00000)
  to   space 1024K, 0% used [0x00000000d5b00000,0x00000000d5b00000,0x00000000d5c00000)
 ParOldGen       total 587264K, used 586836K [0x0000000080000000, 0x00000000a3d80000, 0x00000000d5580000)
  object space 587264K, 99% used [0x0000000080000000,0x00000000a3d15098,0x00000000a3d80000)
 Metaspace       used 78177K, committed 79808K, reserved 1179648K
  class space    used 8307K, committed 9088K, reserved 1048576K
}
Event: 478.981 GC heap after
{Heap after GC invocations=904 (full 3):
 PSYoungGen      total 4608K, used 160K [0x00000000d5580000, 0x00000000d5d00000, 0x0000000100000000)
  eden space 3584K, 0% used [0x00000000d5580000,0x00000000d5580000,0x00000000d5900000)
  from space 1024K, 15% used [0x00000000d5b00000,0x00000000d5b28000,0x00000000d5c00000)
  to   space 512K, 0% used [0x00000000d5c80000,0x00000000d5c80000,0x00000000d5d00000)
 ParOldGen       total 587264K, used 587169K [0x0000000080000000, 0x00000000a3d80000, 0x00000000d5580000)
  object space 587264K, 99% used [0x0000000080000000,0x00000000a3d68670,0x00000000a3d80000)
 Metaspace       used 78177K, committed 79808K, reserved 1179648K
  class space    used 8307K, committed 9088K, reserved 1048576K
}
Event: 478.986 GC heap before
{Heap before GC invocations=905 (full 3):
 PSYoungGen      total 4608K, used 3744K [0x00000000d5580000, 0x00000000d5d00000, 0x0000000100000000)
  eden space 3584K, 100% used [0x00000000d5580000,0x00000000d5900000,0x00000000d5900000)
  from space 1024K, 15% used [0x00000000d5b00000,0x00000000d5b28000,0x00000000d5c00000)
  to   space 512K, 0% used [0x00000000d5c80000,0x00000000d5c80000,0x00000000d5d00000)
 ParOldGen       total 587264K, used 587169K [0x0000000080000000, 0x00000000a3d80000, 0x00000000d5580000)
  object space 587264K, 99% used [0x0000000080000000,0x00000000a3d68670,0x00000000a3d80000)
 Metaspace       used 78177K, committed 79808K, reserved 1179648K
  class space    used 8307K, committed 9088K, reserved 1048576K
}
Event: 478.988 GC heap after
{Heap after GC invocations=905 (full 3):
 PSYoungGen      total 4096K, used 256K [0x00000000d5580000, 0x00000000d5d00000, 0x0000000100000000)
  eden space 3584K, 0% used [0x00000000d5580000,0x00000000d5580000,0x00000000d5900000)
  from space 512K, 50% used [0x00000000d5c80000,0x00000000d5cc0000,0x00000000d5d00000)
  to   space 512K, 0% used [0x00000000d5c00000,0x00000000d5c00000,0x00000000d5c80000)
 ParOldGen       total 587264K, used 587249K [0x0000000080000000, 0x00000000a3d80000, 0x00000000d5580000)
  object space 587264K, 99% used [0x0000000080000000,0x00000000a3d7c670,0x00000000a3d80000)
 Metaspace       used 78177K, committed 79808K, reserved 1179648K
  class space    used 8307K, committed 9088K, reserved 1048576K
}
Event: 479.007 GC heap before
{Heap before GC invocations=906 (full 3):
 PSYoungGen      total 4096K, used 3840K [0x00000000d5580000, 0x00000000d5d00000, 0x0000000100000000)
  eden space 3584K, 100% used [0x00000000d5580000,0x00000000d5900000,0x00000000d5900000)
  from space 512K, 50% used [0x00000000d5c80000,0x00000000d5cc0000,0x00000000d5d00000)
  to   space 512K, 0% used [0x00000000d5c00000,0x00000000d5c00000,0x00000000d5c80000)
 ParOldGen       total 587264K, used 587249K [0x0000000080000000, 0x00000000a3d80000, 0x00000000d5580000)
  object space 587264K, 99% used [0x0000000080000000,0x00000000a3d7c670,0x00000000a3d80000)
 Metaspace       used 78177K, committed 79808K, reserved 1179648K
  class space    used 8307K, committed 9088K, reserved 1048576K
}
Event: 479.009 GC heap after
{Heap after GC invocations=906 (full 3):
 PSYoungGen      total 4096K, used 426K [0x00000000d5580000, 0x00000000d5d00000, 0x0000000100000000)
  eden space 3584K, 0% used [0x00000000d5580000,0x00000000d5580000,0x00000000d5900000)
  from space 512K, 83% used [0x00000000d5c00000,0x00000000d5c6abf8,0x00000000d5c80000)
  to   space 512K, 0% used [0x00000000d5c80000,0x00000000d5c80000,0x00000000d5d00000)
 ParOldGen       total 587776K, used 587353K [0x0000000080000000, 0x00000000a3e00000, 0x00000000d5580000)
  object space 587776K, 99% used [0x0000000080000000,0x00000000a3d96670,0x00000000a3e00000)
 Metaspace       used 78177K, committed 79808K, reserved 1179648K
  class space    used 8307K, committed 9088K, reserved 1048576K
}
Event: 479.017 GC heap before
{Heap before GC invocations=907 (full 3):
 PSYoungGen      total 4096K, used 4010K [0x00000000d5580000, 0x00000000d5d00000, 0x0000000100000000)
  eden space 3584K, 100% used [0x00000000d5580000,0x00000000d5900000,0x00000000d5900000)
  from space 512K, 83% used [0x00000000d5c00000,0x00000000d5c6abf8,0x00000000d5c80000)
  to   space 512K, 0% used [0x00000000d5c80000,0x00000000d5c80000,0x00000000d5d00000)
 ParOldGen       total 587776K, used 587353K [0x0000000080000000, 0x00000000a3e00000, 0x00000000d5580000)
  object space 587776K, 99% used [0x0000000080000000,0x00000000a3d96670,0x00000000a3e00000)
 Metaspace       used 78177K, committed 79808K, reserved 1179648K
  class space    used 8307K, committed 9088K, reserved 1048576K
}
Event: 479.019 GC heap after
{Heap after GC invocations=907 (full 3):
 PSYoungGen      total 4096K, used 192K [0x00000000d5580000, 0x00000000d5d00000, 0x0000000100000000)
  eden space 3584K, 0% used [0x00000000d5580000,0x00000000d5580000,0x00000000d5900000)
  from space 512K, 37% used [0x00000000d5c80000,0x00000000d5cb0000,0x00000000d5d00000)
  to   space 512K, 0% used [0x00000000d5c00000,0x00000000d5c00000,0x00000000d5c80000)
 ParOldGen       total 587776K, used 587641K [0x0000000080000000, 0x00000000a3e00000, 0x00000000d5580000)
  object space 587776K, 99% used [0x0000000080000000,0x00000000a3dde528,0x00000000a3e00000)
 Metaspace       used 78177K, committed 79808K, reserved 1179648K
  class space    used 8307K, committed 9088K, reserved 1048576K
}
Event: 479.032 GC heap before
{Heap before GC invocations=908 (full 3):
 PSYoungGen      total 4096K, used 3776K [0x00000000d5580000, 0x00000000d5d00000, 0x0000000100000000)
  eden space 3584K, 100% used [0x00000000d5580000,0x00000000d5900000,0x00000000d5900000)
  from space 512K, 37% used [0x00000000d5c80000,0x00000000d5cb0000,0x00000000d5d00000)
  to   space 512K, 0% used [0x00000000d5c00000,0x00000000d5c00000,0x00000000d5c80000)
 ParOldGen       total 587776K, used 587641K [0x0000000080000000, 0x00000000a3e00000, 0x00000000d5580000)
  object space 587776K, 99% used [0x0000000080000000,0x00000000a3dde528,0x00000000a3e00000)
 Metaspace       used 78177K, committed 79808K, reserved 1179648K
  class space    used 8307K, committed 9088K, reserved 1048576K
}
Event: 479.034 GC heap after
{Heap after GC invocations=908 (full 3):
 PSYoungGen      total 4096K, used 373K [0x00000000d5580000, 0x00000000d5d00000, 0x0000000100000000)
  eden space 3584K, 0% used [0x00000000d5580000,0x00000000d5580000,0x00000000d5900000)
  from space 512K, 72% used [0x00000000d5c00000,0x00000000d5c5d670,0x00000000d5c80000)
  to   space 512K, 0% used [0x00000000d5c80000,0x00000000d5c80000,0x00000000d5d00000)
 ParOldGen       total 587776K, used 587745K [0x0000000080000000, 0x00000000a3e00000, 0x00000000d5580000)
  object space 587776K, 99% used [0x0000000080000000,0x00000000a3df8528,0x00000000a3e00000)
 Metaspace       used 78177K, committed 79808K, reserved 1179648K
  class space    used 8307K, committed 9088K, reserved 1048576K
}
Event: 479.051 GC heap before
{Heap before GC invocations=909 (full 3):
 PSYoungGen      total 4096K, used 3957K [0x00000000d5580000, 0x00000000d5d00000, 0x0000000100000000)
  eden space 3584K, 100% used [0x00000000d5580000,0x00000000d5900000,0x00000000d5900000)
  from space 512K, 72% used [0x00000000d5c00000,0x00000000d5c5d670,0x00000000d5c80000)
  to   space 512K, 0% used [0x00000000d5c80000,0x00000000d5c80000,0x00000000d5d00000)
 ParOldGen       total 587776K, used 587745K [0x0000000080000000, 0x00000000a3e00000, 0x00000000d5580000)
  object space 587776K, 99% used [0x0000000080000000,0x00000000a3df8528,0x00000000a3e00000)
 Metaspace       used 78177K, committed 79808K, reserved 1179648K
  class space    used 8307K, committed 9088K, reserved 1048576K
}
Event: 479.053 GC heap after
{Heap after GC invocations=909 (full 3):
 PSYoungGen      total 4096K, used 364K [0x00000000d5580000, 0x00000000d5d00000, 0x0000000100000000)
  eden space 3584K, 0% used [0x00000000d5580000,0x00000000d5580000,0x00000000d5900000)
  from space 512K, 71% used [0x00000000d5c80000,0x00000000d5cdb3a8,0x00000000d5d00000)
  to   space 512K, 0% used [0x00000000d5c00000,0x00000000d5c00000,0x00000000d5c80000)
 ParOldGen       total 588288K, used 587957K [0x0000000080000000, 0x00000000a3e80000, 0x00000000d5580000)
  object space 588288K, 99% used [0x0000000080000000,0x00000000a3e2d7e0,0x00000000a3e80000)
 Metaspace       used 78177K, committed 79808K, reserved 1179648K
  class space    used 8307K, committed 9088K, reserved 1048576K
}
Event: 479.058 GC heap before
{Heap before GC invocations=910 (full 3):
 PSYoungGen      total 4096K, used 3948K [0x00000000d5580000, 0x00000000d5d00000, 0x0000000100000000)
  eden space 3584K, 100% used [0x00000000d5580000,0x00000000d5900000,0x00000000d5900000)
  from space 512K, 71% used [0x00000000d5c80000,0x00000000d5cdb3a8,0x00000000d5d00000)
  to   space 512K, 0% used [0x00000000d5c00000,0x00000000d5c00000,0x00000000d5c80000)
 ParOldGen       total 588288K, used 587957K [0x0000000080000000, 0x00000000a3e80000, 0x00000000d5580000)
  object space 588288K, 99% used [0x0000000080000000,0x00000000a3e2d7e0,0x00000000a3e80000)
 Metaspace       used 78177K, committed 79808K, reserved 1179648K
  class space    used 8307K, committed 9088K, reserved 1048576K
}
Event: 479.060 GC heap after
{Heap after GC invocations=910 (full 3):
 PSYoungGen      total 4096K, used 160K [0x00000000d5580000, 0x00000000d5d00000, 0x0000000100000000)
  eden space 3584K, 0% used [0x00000000d5580000,0x00000000d5580000,0x00000000d5900000)
  from space 512K, 31% used [0x00000000d5c00000,0x00000000d5c28000,0x00000000d5c80000)
  to   space 512K, 0% used [0x00000000d5c80000,0x00000000d5c80000,0x00000000d5d00000)
 ParOldGen       total 588288K, used 588198K [0x0000000080000000, 0x00000000a3e80000, 0x00000000d5580000)
  object space 588288K, 99% used [0x0000000080000000,0x00000000a3e69980,0x00000000a3e80000)
 Metaspace       used 78177K, committed 79808K, reserved 1179648K
  class space    used 8307K, committed 9088K, reserved 1048576K
}
Event: 479.089 GC heap before
{Heap before GC invocations=911 (full 3):
 PSYoungGen      total 4096K, used 3744K [0x00000000d5580000, 0x00000000d5d00000, 0x0000000100000000)
  eden space 3584K, 100% used [0x00000000d5580000,0x00000000d5900000,0x00000000d5900000)
  from space 512K, 31% used [0x00000000d5c00000,0x00000000d5c28000,0x00000000d5c80000)
  to   space 512K, 0% used [0x00000000d5c80000,0x00000000d5c80000,0x00000000d5d00000)
 ParOldGen       total 588288K, used 588198K [0x0000000080000000, 0x00000000a3e80000, 0x00000000d5580000)
  object space 588288K, 99% used [0x0000000080000000,0x00000000a3e69980,0x00000000a3e80000)
 Metaspace       used 78177K, committed 79808K, reserved 1179648K
  class space    used 8307K, committed 9088K, reserved 1048576K
}
Event: 479.092 GC heap after
{Heap after GC invocations=911 (full 3):
 PSYoungGen      total 4096K, used 498K [0x00000000d5580000, 0x00000000d5d00000, 0x0000000100000000)
  eden space 3584K, 0% used [0x00000000d5580000,0x00000000d5580000,0x00000000d5900000)
  from space 512K, 97% used [0x00000000d5c80000,0x00000000d5cfc880,0x00000000d5d00000)
  to   space 1024K, 0% used [0x00000000d5b00000,0x00000000d5b00000,0x00000000d5c00000)
 ParOldGen       total 588288K, used 588286K [0x0000000080000000, 0x00000000a3e80000, 0x00000000d5580000)
  object space 588288K, 99% used [0x0000000080000000,0x00000000a3e7f980,0x00000000a3e80000)
 Metaspace       used 78177K, committed 79808K, reserved 1179648K
  class space    used 8307K, committed 9088K, reserved 1048576K
}
Event: 479.098 GC heap before
{Heap before GC invocations=912 (full 3):
 PSYoungGen      total 4096K, used 4082K [0x00000000d5580000, 0x00000000d5d00000, 0x0000000100000000)
  eden space 3584K, 100% used [0x00000000d5580000,0x00000000d5900000,0x00000000d5900000)
  from space 512K, 97% used [0x00000000d5c80000,0x00000000d5cfc880,0x00000000d5d00000)
  to   space 1024K, 0% used [0x00000000d5b00000,0x00000000d5b00000,0x00000000d5c00000)
 ParOldGen       total 588288K, used 588286K [0x0000000080000000, 0x00000000a3e80000, 0x00000000d5580000)
  object space 588288K, 99% used [0x0000000080000000,0x00000000a3e7f980,0x00000000a3e80000)
 Metaspace       used 78177K, committed 79808K, reserved 1179648K
  class space    used 8307K, committed 9088K, reserved 1048576K
}
Event: 479.100 GC heap after
{Heap after GC invocations=912 (full 3):
 PSYoungGen      total 4608K, used 192K [0x00000000d5580000, 0x00000000d5d00000, 0x0000000100000000)
  eden space 3584K, 0% used [0x00000000d5580000,0x00000000d5580000,0x00000000d5900000)
  from space 1024K, 18% used [0x00000000d5b00000,0x00000000d5b30000,0x00000000d5c00000)
  to   space 512K, 0% used [0x00000000d5c80000,0x00000000d5c80000,0x00000000d5d00000)
 ParOldGen       total 588800K, used 588635K [0x0000000080000000, 0x00000000a3f00000, 0x00000000d5580000)
  object space 588800K, 99% used [0x0000000080000000,0x00000000a3ed6c28,0x00000000a3f00000)
 Metaspace       used 78177K, committed 79808K, reserved 1179648K
  class space    used 8307K, committed 9088K, reserved 1048576K
}
Event: 479.118 GC heap before
{Heap before GC invocations=913 (full 3):
 PSYoungGen      total 4608K, used 3776K [0x00000000d5580000, 0x00000000d5d00000, 0x0000000100000000)
  eden space 3584K, 100% used [0x00000000d5580000,0x00000000d5900000,0x00000000d5900000)
  from space 1024K, 18% used [0x00000000d5b00000,0x00000000d5b30000,0x00000000d5c00000)
  to   space 512K, 0% used [0x00000000d5c80000,0x00000000d5c80000,0x00000000d5d00000)
 ParOldGen       total 588800K, used 588635K [0x0000000080000000, 0x00000000a3f00000, 0x00000000d5580000)
  object space 588800K, 99% used [0x0000000080000000,0x00000000a3ed6c28,0x00000000a3f00000)
 Metaspace       used 78177K, committed 79808K, reserved 1179648K
  class space    used 8307K, committed 9088K, reserved 1048576K
}
Event: 479.121 GC heap after
{Heap after GC invocations=913 (full 3):
 PSYoungGen      total 4096K, used 320K [0x00000000d5580000, 0x00000000d5d00000, 0x0000000100000000)
  eden space 3584K, 0% used [0x00000000d5580000,0x00000000d5580000,0x00000000d5900000)
  from space 512K, 62% used [0x00000000d5c80000,0x00000000d5cd0000,0x00000000d5d00000)
  to   space 512K, 0% used [0x00000000d5c00000,0x00000000d5c00000,0x00000000d5c80000)
 ParOldGen       total 588800K, used 588699K [0x0000000080000000, 0x00000000a3f00000, 0x00000000d5580000)
  object space 588800K, 99% used [0x0000000080000000,0x00000000a3ee6c28,0x00000000a3f00000)
 Metaspace       used 78177K, committed 79808K, reserved 1179648K
  class space    used 8307K, committed 9088K, reserved 1048576K
}

