# JRE version: OpenJDK Runtime Environment Temurin-21.0.10+7 (21.0.10+7) (build 21.0.10+7-LTS)
# Java VM: OpenJDK 64-Bit Server VM Temurin-21.0.10+7 (21.0.10+7-LTS, mixed mode, sharing, tiered, compressed oops, compressed class ptrs, parallel gc, windows-amd64)
GC Precious Log:
 CardTable entry size: 512
 CPUs: 8 total, 8 available
 Memory: 15792M
 Large Page Support: Disabled
 NUMA Support: Disabled
 Compressed Oops: Enabled (32-bit)
 Alignments: Space 512K, Generation 512K, Heap 2M
 Heap Min Capacity: 100M
 Heap Initial Capacity: 100M
 Heap Max Capacity: 2G
 Pre-touch: Disabled
 Parallel Workers: 8
Heap:
 PSYoungGen      total 6656K, used 2511K [0x00000000d5580000, 0x00000000d6280000, 0x0000000100000000)
  eden space 6144K, 37% used [0x00000000d5580000,0x00000000d57c3ef0,0x00000000d5b80000)
  from space 512K, 37% used [0x00000000d6200000,0x00000000d6230000,0x00000000d6280000)
  to   space 512K, 0% used [0x00000000d6180000,0x00000000d6180000,0x00000000d6200000)
 ParOldGen       total 800256K, used 234388K [0x0000000080000000, 0x00000000b0d80000, 0x00000000d5580000)
  object space 800256K, 29% used [0x0000000080000000,0x000000008e4e53a8,0x00000000b0d80000)
 Metaspace       used 69255K, committed 70976K, reserved 1114112K
  class space    used 7029K, committed 7808K, reserved 1048576K
GC Heap History (20 events):
Event: 1032.384 GC heap before
{Heap before GC invocations=1183 (full 4):
 PSYoungGen      total 6656K, used 6528K [0x00000000d5580000, 0x00000000d6280000, 0x0000000100000000)
  eden space 6144K, 100% used [0x00000000d5580000,0x00000000d5b80000,0x00000000d5b80000)
  from space 512K, 75% used [0x00000000d6200000,0x00000000d6260000,0x00000000d6280000)
  to   space 512K, 0% used [0x00000000d6180000,0x00000000d6180000,0x00000000d6200000)
 ParOldGen       total 800256K, used 233868K [0x0000000080000000, 0x00000000b0d80000, 0x00000000d5580000)
  object space 800256K, 29% used [0x0000000080000000,0x000000008e463398,0x00000000b0d80000)
 Metaspace       used 68925K, committed 70592K, reserved 1114112K
  class space    used 7016K, committed 7744K, reserved 1048576K
}
Event: 1032.388 GC heap after
{Heap after GC invocations=1183 (full 4):
 PSYoungGen      total 6656K, used 288K [0x00000000d5580000, 0x00000000d6280000, 0x0000000100000000)
  eden space 6144K, 0% used [0x00000000d5580000,0x00000000d5580000,0x00000000d5b80000)
  from space 512K, 56% used [0x00000000d6180000,0x00000000d61c8000,0x00000000d6200000)
  to   space 512K, 0% used [0x00000000d6200000,0x00000000d6200000,0x00000000d6280000)
 ParOldGen       total 800256K, used 233964K [0x0000000080000000, 0x00000000b0d80000, 0x00000000d5580000)
  object space 800256K, 29% used [0x0000000080000000,0x000000008e47b3a8,0x00000000b0d80000)
 Metaspace       used 68925K, committed 70592K, reserved 1114112K
  class space    used 7016K, committed 7744K, reserved 1048576K
}
Event: 1032.494 GC heap before
{Heap before GC invocations=1184 (full 4):
 PSYoungGen      total 6656K, used 6432K [0x00000000d5580000, 0x00000000d6280000, 0x0000000100000000)
  eden space 6144K, 100% used [0x00000000d5580000,0x00000000d5b80000,0x00000000d5b80000)
  from space 512K, 56% used [0x00000000d6180000,0x00000000d61c8000,0x00000000d6200000)
  to   space 512K, 0% used [0x00000000d6200000,0x00000000d6200000,0x00000000d6280000)
 ParOldGen       total 800256K, used 233964K [0x0000000080000000, 0x00000000b0d80000, 0x00000000d5580000)
  object space 800256K, 29% used [0x0000000080000000,0x000000008e47b3a8,0x00000000b0d80000)
 Metaspace       used 68961K, committed 70592K, reserved 1114112K
  class space    used 7019K, committed 7744K, reserved 1048576K
}
Event: 1032.497 GC heap after
{Heap after GC invocations=1184 (full 4):
 PSYoungGen      total 6656K, used 224K [0x00000000d5580000, 0x00000000d6280000, 0x0000000100000000)
  eden space 6144K, 0% used [0x00000000d5580000,0x00000000d5580000,0x00000000d5b80000)
  from space 512K, 43% used [0x00000000d6200000,0x00000000d6238000,0x00000000d6280000)
  to   space 512K, 0% used [0x00000000d6180000,0x00000000d6180000,0x00000000d6200000)
 ParOldGen       total 800256K, used 234052K [0x0000000080000000, 0x00000000b0d80000, 0x00000000d5580000)
  object space 800256K, 29% used [0x0000000080000000,0x000000008e4913a8,0x00000000b0d80000)
 Metaspace       used 68961K, committed 70592K, reserved 1114112K
  class space    used 7019K, committed 7744K, reserved 1048576K
}
Event: 1032.766 GC heap before
{Heap before GC invocations=1185 (full 4):
 PSYoungGen      total 6656K, used 6368K [0x00000000d5580000, 0x00000000d6280000, 0x0000000100000000)
  eden space 6144K, 100% used [0x00000000d5580000,0x00000000d5b80000,0x00000000d5b80000)
  from space 512K, 43% used [0x00000000d6200000,0x00000000d6238000,0x00000000d6280000)
  to   space 512K, 0% used [0x00000000d6180000,0x00000000d6180000,0x00000000d6200000)
 ParOldGen       total 800256K, used 234052K [0x0000000080000000, 0x00000000b0d80000, 0x00000000d5580000)
  object space 800256K, 29% used [0x0000000080000000,0x000000008e4913a8,0x00000000b0d80000)
 Metaspace       used 68995K, committed 70656K, reserved 1114112K
  class space    used 7020K, committed 7808K, reserved 1048576K
}
Event: 1032.768 GC heap after
{Heap after GC invocations=1185 (full 4):
 PSYoungGen      total 6656K, used 256K [0x00000000d5580000, 0x00000000d6280000, 0x0000000100000000)
  eden space 6144K, 0% used [0x00000000d5580000,0x00000000d5580000,0x00000000d5b80000)
  from space 512K, 50% used [0x00000000d6180000,0x00000000d61c0000,0x00000000d6200000)
  to   space 512K, 0% used [0x00000000d6200000,0x00000000d6200000,0x00000000d6280000)
 ParOldGen       total 800256K, used 234100K [0x0000000080000000, 0x00000000b0d80000, 0x00000000d5580000)
  object space 800256K, 29% used [0x0000000080000000,0x000000008e49d3a8,0x00000000b0d80000)
 Metaspace       used 68995K, committed 70656K, reserved 1114112K
  class space    used 7020K, committed 7808K, reserved 1048576K
}
Event: 1034.687 GC heap before
{Heap before GC invocations=1186 (full 4):
 PSYoungGen      total 6656K, used 6400K [0x00000000d5580000, 0x00000000d6280000, 0x0000000100000000)
  eden space 6144K, 100% used [0x00000000d5580000,0x00000000d5b80000,0x00000000d5b80000)
  from space 512K, 50% used [0x00000000d6180000,0x00000000d61c0000,0x00000000d6200000)
  to   space 512K, 0% used [0x00000000d6200000,0x00000000d6200000,0x00000000d6280000)
 ParOldGen       total 800256K, used 234100K [0x0000000080000000, 0x00000000b0d80000, 0x00000000d5580000)
  object space 800256K, 29% used [0x0000000080000000,0x000000008e49d3a8,0x00000000b0d80000)
 Metaspace       used 69059K, committed 70784K, reserved 1114112K
  class space    used 7026K, committed 7808K, reserved 1048576K
}
Event: 1034.688 GC heap after
{Heap after GC invocations=1186 (full 4):
 PSYoungGen      total 6656K, used 256K [0x00000000d5580000, 0x00000000d6280000, 0x0000000100000000)
  eden space 6144K, 0% used [0x00000000d5580000,0x00000000d5580000,0x00000000d5b80000)
  from space 512K, 50% used [0x00000000d6200000,0x00000000d6240000,0x00000000d6280000)
  to   space 512K, 0% used [0x00000000d6180000,0x00000000d6180000,0x00000000d6200000)
 ParOldGen       total 800256K, used 234132K [0x0000000080000000, 0x00000000b0d80000, 0x00000000d5580000)
  object space 800256K, 29% used [0x0000000080000000,0x000000008e4a53a8,0x00000000b0d80000)
 Metaspace       used 69059K, committed 70784K, reserved 1114112K
  class space    used 7026K, committed 7808K, reserved 1048576K
}
Event: 1034.759 GC heap before
{Heap before GC invocations=1187 (full 4):
 PSYoungGen      total 6656K, used 6400K [0x00000000d5580000, 0x00000000d6280000, 0x0000000100000000)
  eden space 6144K, 100% used [0x00000000d5580000,0x00000000d5b80000,0x00000000d5b80000)
  from space 512K, 50% used [0x00000000d6200000,0x00000000d6240000,0x00000000d6280000)
  to   space 512K, 0% used [0x00000000d6180000,0x00000000d6180000,0x00000000d6200000)
 ParOldGen       total 800256K, used 234132K [0x0000000080000000, 0x00000000b0d80000, 0x00000000d5580000)
  object space 800256K, 29% used [0x0000000080000000,0x000000008e4a53a8,0x00000000b0d80000)
 Metaspace       used 69104K, committed 70784K, reserved 1114112K
  class space    used 7027K, committed 7808K, reserved 1048576K
}
Event: 1034.761 GC heap after
{Heap after GC invocations=1187 (full 4):
 PSYoungGen      total 6656K, used 256K [0x00000000d5580000, 0x00000000d6280000, 0x0000000100000000)
  eden space 6144K, 0% used [0x00000000d5580000,0x00000000d5580000,0x00000000d5b80000)
  from space 512K, 50% used [0x00000000d6180000,0x00000000d61c0000,0x00000000d6200000)
  to   space 512K, 0% used [0x00000000d6200000,0x00000000d6200000,0x00000000d6280000)
 ParOldGen       total 800256K, used 234156K [0x0000000080000000, 0x00000000b0d80000, 0x00000000d5580000)
  object space 800256K, 29% used [0x0000000080000000,0x000000008e4ab3a8,0x00000000b0d80000)
 Metaspace       used 69104K, committed 70784K, reserved 1114112K
  class space    used 7027K, committed 7808K, reserved 1048576K
}
Event: 1035.556 GC heap before
{Heap before GC invocations=1188 (full 4):
 PSYoungGen      total 6656K, used 6400K [0x00000000d5580000, 0x00000000d6280000, 0x0000000100000000)
  eden space 6144K, 100% used [0x00000000d5580000,0x00000000d5b80000,0x00000000d5b80000)
  from space 512K, 50% used [0x00000000d6180000,0x00000000d61c0000,0x00000000d6200000)
  to   space 512K, 0% used [0x00000000d6200000,0x00000000d6200000,0x00000000d6280000)
 ParOldGen       total 800256K, used 234156K [0x0000000080000000, 0x00000000b0d80000, 0x00000000d5580000)
  object space 800256K, 29% used [0x0000000080000000,0x000000008e4ab3a8,0x00000000b0d80000)
 Metaspace       used 69125K, committed 70848K, reserved 1114112K
  class space    used 7027K, committed 7808K, reserved 1048576K
}
Event: 1035.557 GC heap after
{Heap after GC invocations=1188 (full 4):
 PSYoungGen      total 6656K, used 224K [0x00000000d5580000, 0x00000000d6280000, 0x0000000100000000)
  eden space 6144K, 0% used [0x00000000d5580000,0x00000000d5580000,0x00000000d5b80000)
  from space 512K, 43% used [0x00000000d6200000,0x00000000d6238000,0x00000000d6280000)
  to   space 512K, 0% used [0x00000000d6180000,0x00000000d6180000,0x00000000d6200000)
 ParOldGen       total 800256K, used 234196K [0x0000000080000000, 0x00000000b0d80000, 0x00000000d5580000)
  object space 800256K, 29% used [0x0000000080000000,0x000000008e4b53a8,0x00000000b0d80000)
 Metaspace       used 69125K, committed 70848K, reserved 1114112K
  class space    used 7027K, committed 7808K, reserved 1048576K
}
Event: 1035.726 GC heap before
{Heap before GC invocations=1189 (full 4):
 PSYoungGen      total 6656K, used 6367K [0x00000000d5580000, 0x00000000d6280000, 0x0000000100000000)
  eden space 6144K, 99% used [0x00000000d5580000,0x00000000d5b7fff0,0x00000000d5b80000)
  from space 512K, 43% used [0x00000000d6200000,0x00000000d6238000,0x00000000d6280000)
  to   space 512K, 0% used [0x00000000d6180000,0x00000000d6180000,0x00000000d6200000)
 ParOldGen       total 800256K, used 234196K [0x0000000080000000, 0x00000000b0d80000, 0x00000000d5580000)
  object space 800256K, 29% used [0x0000000080000000,0x000000008e4b53a8,0x00000000b0d80000)
 Metaspace       used 69161K, committed 70912K, reserved 1114112K
  class space    used 7027K, committed 7808K, reserved 1048576K
}
Event: 1035.727 GC heap after
{Heap after GC invocations=1189 (full 4):
 PSYoungGen      total 6656K, used 256K [0x00000000d5580000, 0x00000000d6280000, 0x0000000100000000)
  eden space 6144K, 0% used [0x00000000d5580000,0x00000000d5580000,0x00000000d5b80000)
  from space 512K, 50% used [0x00000000d6180000,0x00000000d61c0000,0x00000000d6200000)
  to   space 512K, 0% used [0x00000000d6200000,0x00000000d6200000,0x00000000d6280000)
 ParOldGen       total 800256K, used 234260K [0x0000000080000000, 0x00000000b0d80000, 0x00000000d5580000)
  object space 800256K, 29% used [0x0000000080000000,0x000000008e4c53a8,0x00000000b0d80000)
 Metaspace       used 69161K, committed 70912K, reserved 1114112K
  class space    used 7027K, committed 7808K, reserved 1048576K
}
Event: 1057.162 GC heap before
{Heap before GC invocations=1190 (full 4):
 PSYoungGen      total 6656K, used 6400K [0x00000000d5580000, 0x00000000d6280000, 0x0000000100000000)
  eden space 6144K, 100% used [0x00000000d5580000,0x00000000d5b80000,0x00000000d5b80000)
  from space 512K, 50% used [0x00000000d6180000,0x00000000d61c0000,0x00000000d6200000)
  to   space 512K, 0% used [0x00000000d6200000,0x00000000d6200000,0x00000000d6280000)
 ParOldGen       total 800256K, used 234260K [0x0000000080000000, 0x00000000b0d80000, 0x00000000d5580000)
  object space 800256K, 29% used [0x0000000080000000,0x000000008e4c53a8,0x00000000b0d80000)
 Metaspace       used 69191K, committed 70912K, reserved 1114112K
  class space    used 7028K, committed 7808K, reserved 1048576K
}
Event: 1057.163 GC heap after
{Heap after GC invocations=1190 (full 4):
 PSYoungGen      total 6656K, used 192K [0x00000000d5580000, 0x00000000d6280000, 0x0000000100000000)
  eden space 6144K, 0% used [0x00000000d5580000,0x00000000d5580000,0x00000000d5b80000)
  from space 512K, 37% used [0x00000000d6200000,0x00000000d6230000,0x00000000d6280000)
  to   space 512K, 0% used [0x00000000d6180000,0x00000000d6180000,0x00000000d6200000)
 ParOldGen       total 800256K, used 234292K [0x0000000080000000, 0x00000000b0d80000, 0x00000000d5580000)
  object space 800256K, 29% used [0x0000000080000000,0x000000008e4cd3a8,0x00000000b0d80000)
 Metaspace       used 69191K, committed 70912K, reserved 1114112K
  class space    used 7028K, committed 7808K, reserved 1048576K
}
Event: 1164.850 GC heap before
{Heap before GC invocations=1191 (full 4):
 PSYoungGen      total 6656K, used 6336K [0x00000000d5580000, 0x00000000d6280000, 0x0000000100000000)
  eden space 6144K, 100% used [0x00000000d5580000,0x00000000d5b80000,0x00000000d5b80000)
  from space 512K, 37% used [0x00000000d6200000,0x00000000d6230000,0x00000000d6280000)
  to   space 512K, 0% used [0x00000000d6180000,0x00000000d6180000,0x00000000d6200000)
 ParOldGen       total 800256K, used 234292K [0x0000000080000000, 0x00000000b0d80000, 0x00000000d5580000)
  object space 800256K, 29% used [0x0000000080000000,0x000000008e4cd3a8,0x00000000b0d80000)
 Metaspace       used 69228K, committed 70976K, reserved 1114112K
  class space    used 7028K, committed 7808K, reserved 1048576K
}
Event: 1164.869 GC heap after
{Heap after GC invocations=1191 (full 4):
 PSYoungGen      total 6656K, used 256K [0x00000000d5580000, 0x00000000d6280000, 0x0000000100000000)
  eden space 6144K, 0% used [0x00000000d5580000,0x00000000d5580000,0x00000000d5b80000)
  from space 512K, 50% used [0x00000000d6180000,0x00000000d61c0000,0x00000000d6200000)
  to   space 512K, 0% used [0x00000000d6200000,0x00000000d6200000,0x00000000d6280000)
 ParOldGen       total 800256K, used 234348K [0x0000000080000000, 0x00000000b0d80000, 0x00000000d5580000)
  object space 800256K, 29% used [0x0000000080000000,0x000000008e4db3a8,0x00000000b0d80000)
 Metaspace       used 69228K, committed 70976K, reserved 1114112K
  class space    used 7028K, committed 7808K, reserved 1048576K
}
Event: 1165.018 GC heap before
{Heap before GC invocations=1192 (full 4):
 PSYoungGen      total 6656K, used 6400K [0x00000000d5580000, 0x00000000d6280000, 0x0000000100000000)
  eden space 6144K, 100% used [0x00000000d5580000,0x00000000d5b80000,0x00000000d5b80000)
  from space 512K, 50% used [0x00000000d6180000,0x00000000d61c0000,0x00000000d6200000)
  to   space 512K, 0% used [0x00000000d6200000,0x00000000d6200000,0x00000000d6280000)
 ParOldGen       total 800256K, used 234348K [0x0000000080000000, 0x00000000b0d80000, 0x00000000d5580000)
  object space 800256K, 29% used [0x0000000080000000,0x000000008e4db3a8,0x00000000b0d80000)
 Metaspace       used 69248K, committed 70976K, reserved 1114112K
  class space    used 7029K, committed 7808K, reserved 1048576K
}
Event: 1165.027 GC heap after
{Heap after GC invocations=1192 (full 4):
 PSYoungGen      total 6656K, used 192K [0x00000000d5580000, 0x00000000d6280000, 0x0000000100000000)
  eden space 6144K, 0% used [0x00000000d5580000,0x00000000d5580000,0x00000000d5b80000)
  from space 512K, 37% used [0x00000000d6200000,0x00000000d6230000,0x00000000d6280000)
  to   space 512K, 0% used [0x00000000d6180000,0x00000000d6180000,0x00000000d6200000)
 ParOldGen       total 800256K, used 234388K [0x0000000080000000, 0x00000000b0d80000, 0x00000000d5580000)
  object space 800256K, 29% used [0x0000000080000000,0x000000008e4e53a8,0x00000000b0d80000)
 Metaspace       used 69248K, committed 70976K, reserved 1114112K
  class space    used 7029K, committed 7808K, reserved 1048576K
}

