# JRE version: OpenJDK Runtime Environment Temurin-21.0.10+7 (21.0.10+7) (build 21.0.10+7-LTS)
# Java VM: OpenJDK 64-Bit Server VM Temurin-21.0.10+7 (21.0.10+7-LTS, mixed mode, sharing, tiered, compressed oops, compressed class ptrs, parallel gc, windows-amd64)
GC Precious Log:
 CardTable entry size: 512
 CPUs: 8 total, 8 available
 Memory: 15792M
 Large Page Support: Disabled
 NUMA Support: Disabled
 Compressed Oops: Enabled (32-bit)
 Alignments: Space 512K, Generation 512K, Heap 2M
 Heap Min Capacity: 100M
 Heap Initial Capacity: 100M
 Heap Max Capacity: 2G
 Pre-touch: Disabled
 Parallel Workers: 8
Heap:
 PSYoungGen      total 6144K, used 4892K [0x00000000d5580000, 0x00000000d5c80000, 0x0000000100000000)
  eden space 5120K, 86% used [0x00000000d5580000,0x00000000d59cf180,0x00000000d5a80000)
  from space 1024K, 46% used [0x00000000d5b80000,0x00000000d5bf8000,0x00000000d5c80000)
  to   space 1024K, 0% used [0x00000000d5a80000,0x00000000d5a80000,0x00000000d5b80000)
 ParOldGen       total 247808K, used 167088K [0x0000000080000000, 0x000000008f200000, 0x00000000d5580000)
  object space 247808K, 67% used [0x0000000080000000,0x000000008a32c058,0x000000008f200000)
 Metaspace       used 71357K, committed 73024K, reserved 1179648K
  class space    used 7232K, committed 8000K, reserved 1048576K
GC Heap History (20 events):
Event: 2232.041 GC heap before
{Heap before GC invocations=407 (full 4):
 PSYoungGen      total 5632K, used 5560K [0x00000000d5580000, 0x00000000d5c00000, 0x0000000100000000)
  eden space 5120K, 99% used [0x00000000d5580000,0x00000000d5a7d6f0,0x00000000d5a80000)
  from space 512K, 88% used [0x00000000d5b80000,0x00000000d5bf0ab0,0x00000000d5c00000)
  to   space 512K, 0% used [0x00000000d5b00000,0x00000000d5b00000,0x00000000d5b80000)
 ParOldGen       total 247808K, used 160668K [0x0000000080000000, 0x000000008f200000, 0x00000000d5580000)
  object space 247808K, 64% used [0x0000000080000000,0x0000000089ce72b8,0x000000008f200000)
 Metaspace       used 71329K, committed 73024K, reserved 1179648K
  class space    used 7231K, committed 8000K, reserved 1048576K
}
Event: 2232.043 GC heap after
{Heap after GC invocations=407 (full 4):
 PSYoungGen      total 5632K, used 512K [0x00000000d5580000, 0x00000000d5d80000, 0x0000000100000000)
  eden space 5120K, 0% used [0x00000000d5580000,0x00000000d5580000,0x00000000d5a80000)
  from space 512K, 100% used [0x00000000d5b00000,0x00000000d5b80000,0x00000000d5b80000)
  to   space 1536K, 0% used [0x00000000d5c00000,0x00000000d5c00000,0x00000000d5d80000)
 ParOldGen       total 247808K, used 161210K [0x0000000080000000, 0x000000008f200000, 0x00000000d5580000)
  object space 247808K, 65% used [0x0000000080000000,0x0000000089d6e950,0x000000008f200000)
 Metaspace       used 71329K, committed 73024K, reserved 1179648K
  class space    used 7231K, committed 8000K, reserved 1048576K
}
Event: 2232.057 GC heap before
{Heap before GC invocations=408 (full 4):
 PSYoungGen      total 5632K, used 5632K [0x00000000d5580000, 0x00000000d5d80000, 0x0000000100000000)
  eden space 5120K, 100% used [0x00000000d5580000,0x00000000d5a80000,0x00000000d5a80000)
  from space 512K, 100% used [0x00000000d5b00000,0x00000000d5b80000,0x00000000d5b80000)
  to   space 1536K, 0% used [0x00000000d5c00000,0x00000000d5c00000,0x00000000d5d80000)
 ParOldGen       total 247808K, used 161210K [0x0000000080000000, 0x000000008f200000, 0x00000000d5580000)
  object space 247808K, 65% used [0x0000000080000000,0x0000000089d6e950,0x000000008f200000)
 Metaspace       used 71329K, committed 73024K, reserved 1179648K
  class space    used 7231K, committed 8000K, reserved 1048576K
}
Event: 2232.059 GC heap after
{Heap after GC invocations=408 (full 4):
 PSYoungGen      total 5632K, used 512K [0x00000000d5580000, 0x00000000d5c80000, 0x0000000100000000)
  eden space 5120K, 0% used [0x00000000d5580000,0x00000000d5580000,0x00000000d5a80000)
  from space 512K, 100% used [0x00000000d5c00000,0x00000000d5c80000,0x00000000d5c80000)
  to   space 1024K, 0% used [0x00000000d5a80000,0x00000000d5a80000,0x00000000d5b80000)
 ParOldGen       total 247808K, used 161725K [0x0000000080000000, 0x000000008f200000, 0x00000000d5580000)
  object space 247808K, 65% used [0x0000000080000000,0x0000000089def570,0x000000008f200000)
 Metaspace       used 71329K, committed 73024K, reserved 1179648K
  class space    used 7231K, committed 8000K, reserved 1048576K
}
Event: 2232.109 GC heap before
{Heap before GC invocations=409 (full 4):
 PSYoungGen      total 5632K, used 5632K [0x00000000d5580000, 0x00000000d5c80000, 0x0000000100000000)
  eden space 5120K, 100% used [0x00000000d5580000,0x00000000d5a80000,0x00000000d5a80000)
  from space 512K, 100% used [0x00000000d5c00000,0x00000000d5c80000,0x00000000d5c80000)
  to   space 1024K, 0% used [0x00000000d5a80000,0x00000000d5a80000,0x00000000d5b80000)
 ParOldGen       total 247808K, used 161725K [0x0000000080000000, 0x000000008f200000, 0x00000000d5580000)
  object space 247808K, 65% used [0x0000000080000000,0x0000000089def570,0x000000008f200000)
 Metaspace       used 71334K, committed 73024K, reserved 1179648K
  class space    used 7231K, committed 8000K, reserved 1048576K
}
Event: 2232.112 GC heap after
{Heap after GC invocations=409 (full 4):
 PSYoungGen      total 6144K, used 1012K [0x00000000d5580000, 0x00000000d5e80000, 0x0000000100000000)
  eden space 5120K, 0% used [0x00000000d5580000,0x00000000d5580000,0x00000000d5a80000)
  from space 1024K, 98% used [0x00000000d5a80000,0x00000000d5b7d200,0x00000000d5b80000)
  to   space 2048K, 0% used [0x00000000d5c80000,0x00000000d5c80000,0x00000000d5e80000)
 ParOldGen       total 247808K, used 162237K [0x0000000080000000, 0x000000008f200000, 0x00000000d5580000)
  object space 247808K, 65% used [0x0000000080000000,0x0000000089e6f570,0x000000008f200000)
 Metaspace       used 71334K, committed 73024K, reserved 1179648K
  class space    used 7231K, committed 8000K, reserved 1048576K
}
Event: 2232.135 GC heap before
{Heap before GC invocations=410 (full 4):
 PSYoungGen      total 6144K, used 6132K [0x00000000d5580000, 0x00000000d5e80000, 0x0000000100000000)
  eden space 5120K, 100% used [0x00000000d5580000,0x00000000d5a80000,0x00000000d5a80000)
  from space 1024K, 98% used [0x00000000d5a80000,0x00000000d5b7d200,0x00000000d5b80000)
  to   space 2048K, 0% used [0x00000000d5c80000,0x00000000d5c80000,0x00000000d5e80000)
 ParOldGen       total 247808K, used 162237K [0x0000000080000000, 0x000000008f200000, 0x00000000d5580000)
  object space 247808K, 65% used [0x0000000080000000,0x0000000089e6f570,0x000000008f200000)
 Metaspace       used 71334K, committed 73024K, reserved 1179648K
  class space    used 7231K, committed 8000K, reserved 1048576K
}
Event: 2232.141 GC heap after
{Heap after GC invocations=410 (full 4):
 PSYoungGen      total 6144K, used 528K [0x00000000d5580000, 0x00000000d5d80000, 0x0000000100000000)
  eden space 5120K, 0% used [0x00000000d5580000,0x00000000d5580000,0x00000000d5a80000)
  from space 1024K, 51% used [0x00000000d5c80000,0x00000000d5d04010,0x00000000d5d80000)
  to   space 1024K, 0% used [0x00000000d5a80000,0x00000000d5a80000,0x00000000d5b80000)
 ParOldGen       total 247808K, used 163273K [0x0000000080000000, 0x000000008f200000, 0x00000000d5580000)
  object space 247808K, 65% used [0x0000000080000000,0x0000000089f725c0,0x000000008f200000)
 Metaspace       used 71334K, committed 73024K, reserved 1179648K
  class space    used 7231K, committed 8000K, reserved 1048576K
}
Event: 2232.208 GC heap before
{Heap before GC invocations=411 (full 4):
 PSYoungGen      total 6144K, used 5648K [0x00000000d5580000, 0x00000000d5d80000, 0x0000000100000000)
  eden space 5120K, 100% used [0x00000000d5580000,0x00000000d5a80000,0x00000000d5a80000)
  from space 1024K, 51% used [0x00000000d5c80000,0x00000000d5d04010,0x00000000d5d80000)
  to   space 1024K, 0% used [0x00000000d5a80000,0x00000000d5a80000,0x00000000d5b80000)
 ParOldGen       total 247808K, used 163273K [0x0000000080000000, 0x000000008f200000, 0x00000000d5580000)
  object space 247808K, 65% used [0x0000000080000000,0x0000000089f725c0,0x000000008f200000)
 Metaspace       used 71341K, committed 73024K, reserved 1179648K
  class space    used 7231K, committed 8000K, reserved 1048576K
}
Event: 2232.210 GC heap after
{Heap after GC invocations=411 (full 4):
 PSYoungGen      total 6144K, used 724K [0x00000000d5580000, 0x00000000d5d00000, 0x0000000100000000)
  eden space 5120K, 0% used [0x00000000d5580000,0x00000000d5580000,0x00000000d5a80000)
  from space 1024K, 70% used [0x00000000d5a80000,0x00000000d5b35200,0x00000000d5b80000)
  to   space 1024K, 0% used [0x00000000d5c00000,0x00000000d5c00000,0x00000000d5d00000)
 ParOldGen       total 247808K, used 163716K [0x0000000080000000, 0x000000008f200000, 0x00000000d5580000)
  object space 247808K, 66% used [0x0000000080000000,0x0000000089fe1200,0x000000008f200000)
 Metaspace       used 71341K, committed 73024K, reserved 1179648K
  class space    used 7231K, committed 8000K, reserved 1048576K
}
Event: 2232.233 GC heap before
{Heap before GC invocations=412 (full 4):
 PSYoungGen      total 6144K, used 5844K [0x00000000d5580000, 0x00000000d5d00000, 0x0000000100000000)
  eden space 5120K, 100% used [0x00000000d5580000,0x00000000d5a80000,0x00000000d5a80000)
  from space 1024K, 70% used [0x00000000d5a80000,0x00000000d5b35200,0x00000000d5b80000)
  to   space 1024K, 0% used [0x00000000d5c00000,0x00000000d5c00000,0x00000000d5d00000)
 ParOldGen       total 247808K, used 163716K [0x0000000080000000, 0x000000008f200000, 0x00000000d5580000)
  object space 247808K, 66% used [0x0000000080000000,0x0000000089fe1200,0x000000008f200000)
 Metaspace       used 71341K, committed 73024K, reserved 1179648K
  class space    used 7231K, committed 8000K, reserved 1048576K
}
Event: 2232.235 GC heap after
{Heap after GC invocations=412 (full 4):
 PSYoungGen      total 6144K, used 832K [0x00000000d5580000, 0x00000000d5d00000, 0x0000000100000000)
  eden space 5120K, 0% used [0x00000000d5580000,0x00000000d5580000,0x00000000d5a80000)
  from space 1024K, 81% used [0x00000000d5c00000,0x00000000d5cd0000,0x00000000d5d00000)
  to   space 1024K, 0% used [0x00000000d5a80000,0x00000000d5a80000,0x00000000d5b80000)
 ParOldGen       total 247808K, used 164321K [0x0000000080000000, 0x000000008f200000, 0x00000000d5580000)
  object space 247808K, 66% used [0x0000000080000000,0x000000008a078400,0x000000008f200000)
 Metaspace       used 71341K, committed 73024K, reserved 1179648K
  class space    used 7231K, committed 8000K, reserved 1048576K
}
Event: 2232.251 GC heap before
{Heap before GC invocations=413 (full 4):
 PSYoungGen      total 6144K, used 5952K [0x00000000d5580000, 0x00000000d5d00000, 0x0000000100000000)
  eden space 5120K, 100% used [0x00000000d5580000,0x00000000d5a80000,0x00000000d5a80000)
  from space 1024K, 81% used [0x00000000d5c00000,0x00000000d5cd0000,0x00000000d5d00000)
  to   space 1024K, 0% used [0x00000000d5a80000,0x00000000d5a80000,0x00000000d5b80000)
 ParOldGen       total 247808K, used 164321K [0x0000000080000000, 0x000000008f200000, 0x00000000d5580000)
  object space 247808K, 66% used [0x0000000080000000,0x000000008a078400,0x000000008f200000)
 Metaspace       used 71341K, committed 73024K, reserved 1179648K
  class space    used 7231K, committed 8000K, reserved 1048576K
}
Event: 2232.253 GC heap after
{Heap after GC invocations=413 (full 4):
 PSYoungGen      total 6144K, used 666K [0x00000000d5580000, 0x00000000d5c80000, 0x0000000100000000)
  eden space 5120K, 0% used [0x00000000d5580000,0x00000000d5580000,0x00000000d5a80000)
  from space 1024K, 65% used [0x00000000d5a80000,0x00000000d5b269e0,0x00000000d5b80000)
  to   space 1024K, 0% used [0x00000000d5b80000,0x00000000d5b80000,0x00000000d5c80000)
 ParOldGen       total 247808K, used 165012K [0x0000000080000000, 0x000000008f200000, 0x00000000d5580000)
  object space 247808K, 66% used [0x0000000080000000,0x000000008a125070,0x000000008f200000)
 Metaspace       used 71341K, committed 73024K, reserved 1179648K
  class space    used 7231K, committed 8000K, reserved 1048576K
}
Event: 2232.314 GC heap before
{Heap before GC invocations=414 (full 4):
 PSYoungGen      total 6144K, used 5781K [0x00000000d5580000, 0x00000000d5c80000, 0x0000000100000000)
  eden space 5120K, 99% used [0x00000000d5580000,0x00000000d5a7ec80,0x00000000d5a80000)
  from space 1024K, 65% used [0x00000000d5a80000,0x00000000d5b269e0,0x00000000d5b80000)
  to   space 1024K, 0% used [0x00000000d5b80000,0x00000000d5b80000,0x00000000d5c80000)
 ParOldGen       total 247808K, used 165012K [0x0000000080000000, 0x000000008f200000, 0x00000000d5580000)
  object space 247808K, 66% used [0x0000000080000000,0x000000008a125070,0x000000008f200000)
 Metaspace       used 71352K, committed 73024K, reserved 1179648K
  class space    used 7232K, committed 8000K, reserved 1048576K
}
Event: 2232.316 GC heap after
{Heap after GC invocations=414 (full 4):
 PSYoungGen      total 6144K, used 944K [0x00000000d5580000, 0x00000000d5c80000, 0x0000000100000000)
  eden space 5120K, 0% used [0x00000000d5580000,0x00000000d5580000,0x00000000d5a80000)
  from space 1024K, 92% used [0x00000000d5b80000,0x00000000d5c6c1a8,0x00000000d5c80000)
  to   space 1024K, 0% used [0x00000000d5a80000,0x00000000d5a80000,0x00000000d5b80000)
 ParOldGen       total 247808K, used 165566K [0x0000000080000000, 0x000000008f200000, 0x00000000d5580000)
  object space 247808K, 66% used [0x0000000080000000,0x000000008a1af890,0x000000008f200000)
 Metaspace       used 71352K, committed 73024K, reserved 1179648K
  class space    used 7232K, committed 8000K, reserved 1048576K
}
Event: 2232.335 GC heap before
{Heap before GC invocations=415 (full 4):
 PSYoungGen      total 6144K, used 6064K [0x00000000d5580000, 0x00000000d5c80000, 0x0000000100000000)
  eden space 5120K, 100% used [0x00000000d5580000,0x00000000d5a80000,0x00000000d5a80000)
  from space 1024K, 92% used [0x00000000d5b80000,0x00000000d5c6c1a8,0x00000000d5c80000)
  to   space 1024K, 0% used [0x00000000d5a80000,0x00000000d5a80000,0x00000000d5b80000)
 ParOldGen       total 247808K, used 165566K [0x0000000080000000, 0x000000008f200000, 0x00000000d5580000)
  object space 247808K, 66% used [0x0000000080000000,0x000000008a1af890,0x000000008f200000)
 Metaspace       used 71352K, committed 73024K, reserved 1179648K
  class space    used 7232K, committed 8000K, reserved 1048576K
}
Event: 2232.343 GC heap after
{Heap after GC invocations=415 (full 4):
 PSYoungGen      total 6144K, used 746K [0x00000000d5580000, 0x00000000d5c80000, 0x0000000100000000)
  eden space 5120K, 0% used [0x00000000d5580000,0x00000000d5580000,0x00000000d5a80000)
  from space 1024K, 72% used [0x00000000d5a80000,0x00000000d5b3a910,0x00000000d5b80000)
  to   space 1024K, 0% used [0x00000000d5b80000,0x00000000d5b80000,0x00000000d5c80000)
 ParOldGen       total 247808K, used 166396K [0x0000000080000000, 0x000000008f200000, 0x00000000d5580000)
  object space 247808K, 67% used [0x0000000080000000,0x000000008a27f1f8,0x000000008f200000)
 Metaspace       used 71352K, committed 73024K, reserved 1179648K
  class space    used 7232K, committed 8000K, reserved 1048576K
}
Event: 2232.366 GC heap before
{Heap before GC invocations=416 (full 4):
 PSYoungGen      total 6144K, used 5866K [0x00000000d5580000, 0x00000000d5c80000, 0x0000000100000000)
  eden space 5120K, 100% used [0x00000000d5580000,0x00000000d5a80000,0x00000000d5a80000)
  from space 1024K, 72% used [0x00000000d5a80000,0x00000000d5b3a910,0x00000000d5b80000)
  to   space 1024K, 0% used [0x00000000d5b80000,0x00000000d5b80000,0x00000000d5c80000)
 ParOldGen       total 247808K, used 166396K [0x0000000080000000, 0x000000008f200000, 0x00000000d5580000)
  object space 247808K, 67% used [0x0000000080000000,0x000000008a27f1f8,0x000000008f200000)
 Metaspace       used 71352K, committed 73024K, reserved 1179648K
  class space    used 7232K, committed 8000K, reserved 1048576K
}
Event: 2232.368 GC heap after
{Heap after GC invocations=416 (full 4):
 PSYoungGen      total 6144K, used 480K [0x00000000d5580000, 0x00000000d5c80000, 0x0000000100000000)
  eden space 5120K, 0% used [0x00000000d5580000,0x00000000d5580000,0x00000000d5a80000)
  from space 1024K, 46% used [0x00000000d5b80000,0x00000000d5bf8000,0x00000000d5c80000)
  to   space 1024K, 0% used [0x00000000d5a80000,0x00000000d5a80000,0x00000000d5b80000)
 ParOldGen       total 247808K, used 167088K [0x0000000080000000, 0x000000008f200000, 0x00000000d5580000)
  object space 247808K, 67% used [0x0000000080000000,0x000000008a32c058,0x000000008f200000)
 Metaspace       used 71352K, committed 73024K, reserved 1179648K
  class space    used 7232K, committed 8000K, reserved 1048576K
}

