# JRE version: OpenJDK Runtime Environment Temurin-21.0.10+7 (21.0.10+7) (build 21.0.10+7-LTS)
# Java VM: OpenJDK 64-Bit Server VM Temurin-21.0.10+7 (21.0.10+7-LTS, mixed mode, sharing, tiered, compressed oops, compressed class ptrs, parallel gc, windows-amd64)
GC Precious Log:
 CardTable entry size: 512
 CPUs: 8 total, 8 available
 Memory: 15792M
 Large Page Support: Disabled
 NUMA Support: Disabled
 Compressed Oops: Enabled (32-bit)
 Alignments: Space 512K, Generation 512K, Heap 2M
 Heap Min Capacity: 100M
 Heap Initial Capacity: 100M
 Heap Max Capacity: 2G
 Pre-touch: Disabled
 Parallel Workers: 8
Heap:
 PSYoungGen      total 15872K, used 3595K [0x00000000d5580000, 0x00000000d6700000, 0x0000000100000000)
  eden space 14848K, 20% used [0x00000000d5580000,0x00000000d5880358,0x00000000d6400000)
  from space 1024K, 51% used [0x00000000d6600000,0x00000000d6682b40,0x00000000d6700000)
  to   space 1024K, 0% used [0x00000000d6500000,0x00000000d6500000,0x00000000d6600000)
 ParOldGen       total 92160K, used 86205K [0x0000000080000000, 0x0000000085a00000, 0x00000000d5580000)
  object space 92160K, 93% used [0x0000000080000000,0x000000008542f460,0x0000000085a00000)
 Metaspace       used 55828K, committed 57280K, reserved 1114112K
  class space    used 6002K, committed 6656K, reserved 1048576K
GC Heap History (20 events):
Event: 15.482 GC heap before
{Heap before GC invocations=32 (full 2):
 PSYoungGen      total 19968K, used 19904K [0x00000000d5580000, 0x00000000d6c00000, 0x0000000100000000)
  eden space 18432K, 100% used [0x00000000d5580000,0x00000000d6780000,0x00000000d6780000)
  from space 1536K, 95% used [0x00000000d6880000,0x00000000d69f0000,0x00000000d6a00000)
  to   space 2048K, 0% used [0x00000000d6a00000,0x00000000d6a00000,0x00000000d6c00000)
 ParOldGen       total 68608K, used 44775K [0x0000000080000000, 0x0000000084300000, 0x00000000d5580000)
  object space 68608K, 65% used [0x0000000080000000,0x0000000082bb9da8,0x0000000084300000)
 Metaspace       used 52021K, committed 53440K, reserved 1114112K
  class space    used 5652K, committed 6272K, reserved 1048576K
}
Event: 15.485 GC heap after
{Heap after GC invocations=32 (full 2):
 PSYoungGen      total 19456K, used 2032K [0x00000000d5580000, 0x00000000d6e80000, 0x0000000100000000)
  eden space 17408K, 0% used [0x00000000d5580000,0x00000000d5580000,0x00000000d6680000)
  from space 2048K, 99% used [0x00000000d6a00000,0x00000000d6bfc030,0x00000000d6c00000)
  to   space 3584K, 0% used [0x00000000d6680000,0x00000000d6680000,0x00000000d6a00000)
 ParOldGen       total 68608K, used 45967K [0x0000000080000000, 0x0000000084300000, 0x00000000d5580000)
  object space 68608K, 66% used [0x0000000080000000,0x0000000082ce3c48,0x0000000084300000)
 Metaspace       used 52021K, committed 53440K, reserved 1114112K
  class space    used 5652K, committed 6272K, reserved 1048576K
}
Event: 15.581 GC heap before
{Heap before GC invocations=33 (full 2):
 PSYoungGen      total 19456K, used 19440K [0x00000000d5580000, 0x00000000d6e80000, 0x0000000100000000)
  eden space 17408K, 100% used [0x00000000d5580000,0x00000000d6680000,0x00000000d6680000)
  from space 2048K, 99% used [0x00000000d6a00000,0x00000000d6bfc030,0x00000000d6c00000)
  to   space 3584K, 0% used [0x00000000d6680000,0x00000000d6680000,0x00000000d6a00000)
 ParOldGen       total 68608K, used 45967K [0x0000000080000000, 0x0000000084300000, 0x00000000d5580000)
  object space 68608K, 66% used [0x0000000080000000,0x0000000082ce3c48,0x0000000084300000)
 Metaspace       used 52142K, committed 53568K, reserved 1114112K
  class space    used 5654K, committed 6272K, reserved 1048576K
}
Event: 15.583 GC heap after
{Heap after GC invocations=33 (full 2):
 PSYoungGen      total 18944K, used 1312K [0x00000000d5580000, 0x00000000d6a80000, 0x0000000100000000)
  eden space 17408K, 0% used [0x00000000d5580000,0x00000000d5580000,0x00000000d6680000)
  from space 1536K, 85% used [0x00000000d6680000,0x00000000d67c8000,0x00000000d6800000)
  to   space 2048K, 0% used [0x00000000d6880000,0x00000000d6880000,0x00000000d6a80000)
 ParOldGen       total 68608K, used 47313K [0x0000000080000000, 0x0000000084300000, 0x00000000d5580000)
  object space 68608K, 68% used [0x0000000080000000,0x0000000082e34470,0x0000000084300000)
 Metaspace       used 52142K, committed 53568K, reserved 1114112K
  class space    used 5654K, committed 6272K, reserved 1048576K
}
Event: 15.704 GC heap before
{Heap before GC invocations=34 (full 2):
 PSYoungGen      total 18944K, used 18709K [0x00000000d5580000, 0x00000000d6a80000, 0x0000000100000000)
  eden space 17408K, 99% used [0x00000000d5580000,0x00000000d667d418,0x00000000d6680000)
  from space 1536K, 85% used [0x00000000d6680000,0x00000000d67c8000,0x00000000d6800000)
  to   space 2048K, 0% used [0x00000000d6880000,0x00000000d6880000,0x00000000d6a80000)
 ParOldGen       total 68608K, used 47313K [0x0000000080000000, 0x0000000084300000, 0x00000000d5580000)
  object space 68608K, 68% used [0x0000000080000000,0x0000000082e34470,0x0000000084300000)
 Metaspace       used 52265K, committed 53632K, reserved 1114112K
  class space    used 5658K, committed 6272K, reserved 1048576K
}
Event: 15.707 GC heap after
{Heap after GC invocations=34 (full 2):
 PSYoungGen      total 18944K, used 1280K [0x00000000d5580000, 0x00000000d6a00000, 0x0000000100000000)
  eden space 17408K, 0% used [0x00000000d5580000,0x00000000d5580000,0x00000000d6680000)
  from space 1536K, 83% used [0x00000000d6880000,0x00000000d69c0000,0x00000000d6a00000)
  to   space 1536K, 0% used [0x00000000d6680000,0x00000000d6680000,0x00000000d6800000)
 ParOldGen       total 68608K, used 48449K [0x0000000080000000, 0x0000000084300000, 0x00000000d5580000)
  object space 68608K, 70% used [0x0000000080000000,0x0000000082f50470,0x0000000084300000)
 Metaspace       used 52265K, committed 53632K, reserved 1114112K
  class space    used 5658K, committed 6272K, reserved 1048576K
}
Event: 15.811 GC heap before
{Heap before GC invocations=35 (full 2):
 PSYoungGen      total 18944K, used 18688K [0x00000000d5580000, 0x00000000d6a00000, 0x0000000100000000)
  eden space 17408K, 100% used [0x00000000d5580000,0x00000000d6680000,0x00000000d6680000)
  from space 1536K, 83% used [0x00000000d6880000,0x00000000d69c0000,0x00000000d6a00000)
  to   space 1536K, 0% used [0x00000000d6680000,0x00000000d6680000,0x00000000d6800000)
 ParOldGen       total 68608K, used 48449K [0x0000000080000000, 0x0000000084300000, 0x00000000d5580000)
  object space 68608K, 70% used [0x0000000080000000,0x0000000082f50470,0x0000000084300000)
 Metaspace       used 52368K, committed 53760K, reserved 1114112K
  class space    used 5662K, committed 6272K, reserved 1048576K
}
Event: 15.813 GC heap after
{Heap after GC invocations=35 (full 2):
 PSYoungGen      total 18944K, used 1505K [0x00000000d5580000, 0x00000000d6b80000, 0x0000000100000000)
  eden space 17408K, 0% used [0x00000000d5580000,0x00000000d5580000,0x00000000d6680000)
  from space 1536K, 98% used [0x00000000d6680000,0x00000000d67f8520,0x00000000d6800000)
  to   space 2560K, 0% used [0x00000000d6900000,0x00000000d6900000,0x00000000d6b80000)
 ParOldGen       total 68608K, used 49302K [0x0000000080000000, 0x0000000084300000, 0x00000000d5580000)
  object space 68608K, 71% used [0x0000000080000000,0x0000000083025a78,0x0000000084300000)
 Metaspace       used 52368K, committed 53760K, reserved 1114112K
  class space    used 5662K, committed 6272K, reserved 1048576K
}
Event: 15.902 GC heap before
{Heap before GC invocations=36 (full 2):
 PSYoungGen      total 18944K, used 18913K [0x00000000d5580000, 0x00000000d6b80000, 0x0000000100000000)
  eden space 17408K, 100% used [0x00000000d5580000,0x00000000d6680000,0x00000000d6680000)
  from space 1536K, 98% used [0x00000000d6680000,0x00000000d67f8520,0x00000000d6800000)
  to   space 2560K, 0% used [0x00000000d6900000,0x00000000d6900000,0x00000000d6b80000)
 ParOldGen       total 68608K, used 49302K [0x0000000080000000, 0x0000000084300000, 0x00000000d5580000)
  object space 68608K, 71% used [0x0000000080000000,0x0000000083025a78,0x0000000084300000)
 Metaspace       used 52455K, committed 53824K, reserved 1114112K
  class space    used 5662K, committed 6272K, reserved 1048576K
}
Event: 15.904 GC heap after
{Heap after GC invocations=36 (full 2):
 PSYoungGen      total 18944K, used 1120K [0x00000000d5580000, 0x00000000d6a80000, 0x0000000100000000)
  eden space 17408K, 0% used [0x00000000d5580000,0x00000000d5580000,0x00000000d6680000)
  from space 1536K, 72% used [0x00000000d6900000,0x00000000d6a18000,0x00000000d6a80000)
  to   space 2048K, 0% used [0x00000000d6680000,0x00000000d6680000,0x00000000d6880000)
 ParOldGen       total 68608K, used 50182K [0x0000000080000000, 0x0000000084300000, 0x00000000d5580000)
  object space 68608K, 73% used [0x0000000080000000,0x0000000083101a78,0x0000000084300000)
 Metaspace       used 52455K, committed 53824K, reserved 1114112K
  class space    used 5662K, committed 6272K, reserved 1048576K
}
Event: 16.267 GC heap before
{Heap before GC invocations=37 (full 2):
 PSYoungGen      total 18944K, used 18528K [0x00000000d5580000, 0x00000000d6a80000, 0x0000000100000000)
  eden space 17408K, 100% used [0x00000000d5580000,0x00000000d6680000,0x00000000d6680000)
  from space 1536K, 72% used [0x00000000d6900000,0x00000000d6a18000,0x00000000d6a80000)
  to   space 2048K, 0% used [0x00000000d6680000,0x00000000d6680000,0x00000000d6880000)
 ParOldGen       total 68608K, used 50182K [0x0000000080000000, 0x0000000084300000, 0x00000000d5580000)
  object space 68608K, 73% used [0x0000000080000000,0x0000000083101a78,0x0000000084300000)
 Metaspace       used 52725K, committed 54144K, reserved 1114112K
  class space    used 5674K, committed 6272K, reserved 1048576K
}
Event: 16.269 GC heap after
{Heap after GC invocations=37 (full 2):
 PSYoungGen      total 18944K, used 1462K [0x00000000d5580000, 0x00000000d6980000, 0x0000000100000000)
  eden space 17408K, 0% used [0x00000000d5580000,0x00000000d5580000,0x00000000d6680000)
  from space 1536K, 95% used [0x00000000d6680000,0x00000000d67ed808,0x00000000d6800000)
  to   space 1536K, 0% used [0x00000000d6800000,0x00000000d6800000,0x00000000d6980000)
 ParOldGen       total 68608K, used 51014K [0x0000000080000000, 0x0000000084300000, 0x00000000d5580000)
  object space 68608K, 74% used [0x0000000080000000,0x00000000831d1a78,0x0000000084300000)
 Metaspace       used 52725K, committed 54144K, reserved 1114112K
  class space    used 5674K, committed 6272K, reserved 1048576K
}
Event: 16.533 GC heap before
{Heap before GC invocations=38 (full 2):
 PSYoungGen      total 18944K, used 18870K [0x00000000d5580000, 0x00000000d6980000, 0x0000000100000000)
  eden space 17408K, 100% used [0x00000000d5580000,0x00000000d6680000,0x00000000d6680000)
  from space 1536K, 95% used [0x00000000d6680000,0x00000000d67ed808,0x00000000d6800000)
  to   space 1536K, 0% used [0x00000000d6800000,0x00000000d6800000,0x00000000d6980000)
 ParOldGen       total 68608K, used 51014K [0x0000000080000000, 0x0000000084300000, 0x00000000d5580000)
  object space 68608K, 74% used [0x0000000080000000,0x00000000831d1a78,0x0000000084300000)
 Metaspace       used 53493K, committed 54912K, reserved 1114112K
  class space    used 5773K, committed 6400K, reserved 1048576K
}
Event: 16.537 GC heap after
{Heap after GC invocations=38 (full 2):
 PSYoungGen      total 16384K, used 1536K [0x00000000d5580000, 0x00000000d6e80000, 0x0000000100000000)
  eden space 14848K, 0% used [0x00000000d5580000,0x00000000d5580000,0x00000000d6400000)
  from space 1536K, 100% used [0x00000000d6800000,0x00000000d6980000,0x00000000d6980000)
  to   space 4096K, 0% used [0x00000000d6400000,0x00000000d6400000,0x00000000d6800000)
 ParOldGen       total 68608K, used 52768K [0x0000000080000000, 0x0000000084300000, 0x00000000d5580000)
  object space 68608K, 76% used [0x0000000080000000,0x0000000083388290,0x0000000084300000)
 Metaspace       used 53493K, committed 54912K, reserved 1114112K
  class space    used 5773K, committed 6400K, reserved 1048576K
}
Event: 17.036 GC heap before
{Heap before GC invocations=39 (full 2):
 PSYoungGen      total 16384K, used 16384K [0x00000000d5580000, 0x00000000d6e80000, 0x0000000100000000)
  eden space 14848K, 100% used [0x00000000d5580000,0x00000000d6400000,0x00000000d6400000)
  from space 1536K, 100% used [0x00000000d6800000,0x00000000d6980000,0x00000000d6980000)
  to   space 4096K, 0% used [0x00000000d6400000,0x00000000d6400000,0x00000000d6800000)
 ParOldGen       total 92160K, used 83488K [0x0000000080000000, 0x0000000085a00000, 0x00000000d5580000)
  object space 92160K, 90% used [0x0000000080000000,0x00000000851882c0,0x0000000085a00000)
 Metaspace       used 54498K, committed 55936K, reserved 1114112K
  class space    used 5892K, committed 6528K, reserved 1048576K
}
Event: 17.039 GC heap after
{Heap after GC invocations=39 (full 2):
 PSYoungGen      total 15872K, used 826K [0x00000000d5580000, 0x00000000d6880000, 0x0000000100000000)
  eden space 14848K, 0% used [0x00000000d5580000,0x00000000d5580000,0x00000000d6400000)
  from space 1024K, 80% used [0x00000000d6400000,0x00000000d64ce8c8,0x00000000d6500000)
  to   space 2048K, 0% used [0x00000000d6680000,0x00000000d6680000,0x00000000d6880000)
 ParOldGen       total 92160K, used 84665K [0x0000000080000000, 0x0000000085a00000, 0x00000000d5580000)
  object space 92160K, 91% used [0x0000000080000000,0x00000000852ae540,0x0000000085a00000)
 Metaspace       used 54498K, committed 55936K, reserved 1114112K
  class space    used 5892K, committed 6528K, reserved 1048576K
}
Event: 17.517 GC heap before
{Heap before GC invocations=40 (full 2):
 PSYoungGen      total 15872K, used 15671K [0x00000000d5580000, 0x00000000d6880000, 0x0000000100000000)
  eden space 14848K, 99% used [0x00000000d5580000,0x00000000d63ff350,0x00000000d6400000)
  from space 1024K, 80% used [0x00000000d6400000,0x00000000d64ce8c8,0x00000000d6500000)
  to   space 2048K, 0% used [0x00000000d6680000,0x00000000d6680000,0x00000000d6880000)
 ParOldGen       total 92160K, used 84665K [0x0000000080000000, 0x0000000085a00000, 0x00000000d5580000)
  object space 92160K, 91% used [0x0000000080000000,0x00000000852ae540,0x0000000085a00000)
 Metaspace       used 55349K, committed 56768K, reserved 1114112K
  class space    used 5968K, committed 6592K, reserved 1048576K
}
Event: 17.518 GC heap after
{Heap after GC invocations=40 (full 2):
 PSYoungGen      total 16384K, used 1084K [0x00000000d5580000, 0x00000000d6800000, 0x0000000100000000)
  eden space 14848K, 0% used [0x00000000d5580000,0x00000000d5580000,0x00000000d6400000)
  from space 1536K, 70% used [0x00000000d6680000,0x00000000d678f0f0,0x00000000d6800000)
  to   space 1536K, 0% used [0x00000000d6500000,0x00000000d6500000,0x00000000d6680000)
 ParOldGen       total 92160K, used 85368K [0x0000000080000000, 0x0000000085a00000, 0x00000000d5580000)
  object space 92160K, 92% used [0x0000000080000000,0x000000008535e2e8,0x0000000085a00000)
 Metaspace       used 55349K, committed 56768K, reserved 1114112K
  class space    used 5968K, committed 6592K, reserved 1048576K
}
Event: 18.417 GC heap before
{Heap before GC invocations=41 (full 2):
 PSYoungGen      total 16384K, used 15867K [0x00000000d5580000, 0x00000000d6800000, 0x0000000100000000)
  eden space 14848K, 99% used [0x00000000d5580000,0x00000000d63efe78,0x00000000d6400000)
  from space 1536K, 70% used [0x00000000d6680000,0x00000000d678f0f0,0x00000000d6800000)
  to   space 1536K, 0% used [0x00000000d6500000,0x00000000d6500000,0x00000000d6680000)
 ParOldGen       total 92160K, used 85368K [0x0000000080000000, 0x0000000085a00000, 0x00000000d5580000)
  object space 92160K, 92% used [0x0000000080000000,0x000000008535e2e8,0x0000000085a00000)
 Metaspace       used 55400K, committed 56768K, reserved 1114112K
  class space    used 5968K, committed 6592K, reserved 1048576K
}
Event: 18.420 GC heap after
{Heap after GC invocations=41 (full 2):
 PSYoungGen      total 15360K, used 282K [0x00000000d5580000, 0x00000000d6700000, 0x0000000100000000)
  eden space 14848K, 0% used [0x00000000d5580000,0x00000000d5580000,0x00000000d6400000)
  from space 512K, 55% used [0x00000000d6500000,0x00000000d6546930,0x00000000d6580000)
  to   space 1024K, 0% used [0x00000000d6600000,0x00000000d6600000,0x00000000d6700000)
 ParOldGen       total 92160K, used 86149K [0x0000000080000000, 0x0000000085a00000, 0x00000000d5580000)
  object space 92160K, 93% used [0x0000000080000000,0x0000000085421460,0x0000000085a00000)
 Metaspace       used 55400K, committed 56768K, reserved 1114112K
  class space    used 5968K, committed 6592K, reserved 1048576K
}

