# JRE version: Java(TM) SE Runtime Environment (17.0.12+8) (build 17.0.12+8-LTS-286)
# Java VM: Java HotSpot(TM) 64-Bit Server VM (17.0.12+8-LTS-286, mixed mode, sharing, tiered, compressed oops, compressed class ptrs, g1 gc, windows-amd64)
GC Precious Log:
 CPUs: 8 total, 8 available
 Memory: 15792M
 Large Page Support: Disabled
 NUMA Support: Disabled
 Compressed Oops: Enabled (Zero based)
 Heap Region Size: 2M
 Heap Min Capacity: 8M
 Heap Initial Capacity: 248M
 Heap Max Capacity: 3950M
 Pre-touch: Disabled
 Parallel Workers: 8
 Concurrent Workers: 2
 Concurrent Refinement Workers: 8
 Periodic GC: Disabled
Heap:
 garbage-first heap   total 116736K, used 76307K [0x0000000709200000, 0x0000000800000000)
  region size 2048K, 26 young (53248K), 4 survivors (8192K)
 Metaspace       used 71383K, committed 71744K, reserved 1114112K
  class space    used 8835K, committed 9024K, reserved 1048576K
GC Heap History (20 events):
Event: 8.724 GC heap before
{Heap before GC invocations=20 (full 0):
 garbage-first heap   total 145408K, used 100497K [0x0000000709200000, 0x0000000800000000)
  region size 2048K, 42 young (86016K), 3 survivors (6144K)
 Metaspace       used 49439K, committed 49792K, reserved 1114112K
  class space    used 6301K, committed 6464K, reserved 1048576K
}
Event: 8.733 GC heap after
{Heap after GC invocations=21 (full 0):
 garbage-first heap   total 145408K, used 22805K [0x0000000709200000, 0x0000000800000000)
  region size 2048K, 4 young (8192K), 4 survivors (8192K)
 Metaspace       used 49439K, committed 49792K, reserved 1114112K
  class space    used 6301K, committed 6464K, reserved 1048576K
}
Event: 9.630 GC heap before
{Heap before GC invocations=21 (full 0):
 garbage-first heap   total 145408K, used 100629K [0x0000000709200000, 0x0000000800000000)
  region size 2048K, 42 young (86016K), 4 survivors (8192K)
 Metaspace       used 52013K, committed 52288K, reserved 1114112K
  class space    used 6597K, committed 6720K, reserved 1048576K
}
Event: 9.637 GC heap after
{Heap after GC invocations=22 (full 0):
 garbage-first heap   total 176128K, used 24662K [0x0000000709200000, 0x0000000800000000)
  region size 2048K, 4 young (8192K), 4 survivors (8192K)
 Metaspace       used 52013K, committed 52288K, reserved 1114112K
  class space    used 6597K, committed 6720K, reserved 1048576K
}
Event: 11.343 GC heap before
{Heap before GC invocations=22 (full 0):
 garbage-first heap   total 176128K, used 120918K [0x0000000709200000, 0x0000000800000000)
  region size 2048K, 51 young (104448K), 4 survivors (8192K)
 Metaspace       used 55965K, committed 56256K, reserved 1114112K
  class space    used 7089K, committed 7232K, reserved 1048576K
}
Event: 11.349 GC heap after
{Heap after GC invocations=23 (full 0):
 garbage-first heap   total 176128K, used 25511K [0x0000000709200000, 0x0000000800000000)
  region size 2048K, 5 young (10240K), 5 survivors (10240K)
 Metaspace       used 55965K, committed 56256K, reserved 1114112K
  class space    used 7089K, committed 7232K, reserved 1048576K
}
Event: 11.889 GC heap before
{Heap before GC invocations=23 (full 0):
 garbage-first heap   total 176128K, used 119719K [0x0000000709200000, 0x0000000800000000)
  region size 2048K, 51 young (104448K), 5 survivors (10240K)
 Metaspace       used 59369K, committed 59712K, reserved 1114112K
  class space    used 7551K, committed 7680K, reserved 1048576K
}
Event: 11.897 GC heap after
{Heap after GC invocations=24 (full 0):
 garbage-first heap   total 176128K, used 26605K [0x0000000709200000, 0x0000000800000000)
  region size 2048K, 5 young (10240K), 5 survivors (10240K)
 Metaspace       used 59369K, committed 59712K, reserved 1114112K
  class space    used 7551K, committed 7680K, reserved 1048576K
}
Event: 11.934 GC heap before
{Heap before GC invocations=24 (full 0):
 garbage-first heap   total 176128K, used 34797K [0x0000000709200000, 0x0000000800000000)
  region size 2048K, 10 young (20480K), 5 survivors (10240K)
 Metaspace       used 60075K, committed 60416K, reserved 1114112K
  class space    used 7628K, committed 7744K, reserved 1048576K
}
Event: 11.940 GC heap after
{Heap after GC invocations=25 (full 0):
 garbage-first heap   total 176128K, used 26581K [0x0000000709200000, 0x0000000800000000)
  region size 2048K, 4 young (8192K), 4 survivors (8192K)
 Metaspace       used 60075K, committed 60416K, reserved 1114112K
  class space    used 7628K, committed 7744K, reserved 1048576K
}
Event: 12.275 GC heap before
{Heap before GC invocations=26 (full 0):
 garbage-first heap   total 116736K, used 90069K [0x0000000709200000, 0x0000000800000000)
  region size 2048K, 35 young (71680K), 4 survivors (8192K)
 Metaspace       used 62344K, committed 62720K, reserved 1114112K
  class space    used 7919K, committed 8064K, reserved 1048576K
}
Event: 12.281 GC heap after
{Heap after GC invocations=27 (full 0):
 garbage-first heap   total 116736K, used 27043K [0x0000000709200000, 0x0000000800000000)
  region size 2048K, 3 young (6144K), 3 survivors (6144K)
 Metaspace       used 62344K, committed 62720K, reserved 1114112K
  class space    used 7919K, committed 8064K, reserved 1048576K
}
Event: 12.857 GC heap before
{Heap before GC invocations=27 (full 0):
 garbage-first heap   total 116736K, used 90531K [0x0000000709200000, 0x0000000800000000)
  region size 2048K, 34 young (69632K), 3 survivors (6144K)
 Metaspace       used 64095K, committed 64448K, reserved 1114112K
  class space    used 8157K, committed 8320K, reserved 1048576K
}
Event: 12.863 GC heap after
{Heap after GC invocations=28 (full 0):
 garbage-first heap   total 116736K, used 29225K [0x0000000709200000, 0x0000000800000000)
  region size 2048K, 4 young (8192K), 4 survivors (8192K)
 Metaspace       used 64095K, committed 64448K, reserved 1114112K
  class space    used 8157K, committed 8320K, reserved 1048576K
}
Event: 15.231 GC heap before
{Heap before GC invocations=28 (full 0):
 garbage-first heap   total 116736K, used 90665K [0x0000000709200000, 0x0000000800000000)
  region size 2048K, 34 young (69632K), 4 survivors (8192K)
 Metaspace       used 66244K, committed 66624K, reserved 1114112K
  class space    used 8450K, committed 8640K, reserved 1048576K
}
Event: 15.237 GC heap after
{Heap after GC invocations=29 (full 0):
 garbage-first heap   total 116736K, used 32076K [0x0000000709200000, 0x0000000800000000)
  region size 2048K, 4 young (8192K), 4 survivors (8192K)
 Metaspace       used 66244K, committed 66624K, reserved 1114112K
  class space    used 8450K, committed 8640K, reserved 1048576K
}
Event: 15.708 GC heap before
{Heap before GC invocations=29 (full 0):
 garbage-first heap   total 116736K, used 93516K [0x0000000709200000, 0x0000000800000000)
  region size 2048K, 34 young (69632K), 4 survivors (8192K)
 Metaspace       used 67854K, committed 68224K, reserved 1114112K
  class space    used 8651K, committed 8832K, reserved 1048576K
}
Event: 15.718 GC heap after
{Heap after GC invocations=30 (full 0):
 garbage-first heap   total 116736K, used 33085K [0x0000000709200000, 0x0000000800000000)
  region size 2048K, 4 young (8192K), 4 survivors (8192K)
 Metaspace       used 67854K, committed 68224K, reserved 1114112K
  class space    used 8651K, committed 8832K, reserved 1048576K
}
Event: 205.299 GC heap before
{Heap before GC invocations=30 (full 0):
 garbage-first heap   total 116736K, used 92477K [0x0000000709200000, 0x0000000800000000)
  region size 2048K, 33 young (67584K), 4 survivors (8192K)
 Metaspace       used 69877K, committed 70272K, reserved 1114112K
  class space    used 8831K, committed 9024K, reserved 1048576K
}
Event: 205.304 GC heap after
{Heap after GC invocations=31 (full 0):
 garbage-first heap   total 116736K, used 35347K [0x0000000709200000, 0x0000000800000000)
  region size 2048K, 4 young (8192K), 4 survivors (8192K)
 Metaspace       used 69877K, committed 70272K, reserved 1114112K
  class space    used 8831K, committed 9024K, reserved 1048576K
}

