# JRE version: OpenJDK Runtime Environment Temurin-21.0.10+7 (21.0.10+7) (build 21.0.10+7-LTS)
# Java VM: OpenJDK 64-Bit Server VM Temurin-21.0.10+7 (21.0.10+7-LTS, mixed mode, sharing, tiered, compressed oops, compressed class ptrs, parallel gc, windows-amd64)
GC Precious Log:
 CardTable entry size: 512
 CPUs: 8 total, 8 available
 Memory: 15792M
 Large Page Support: Disabled
 NUMA Support: Disabled
 Compressed Oops: Enabled (32-bit)
 Alignments: Space 512K, Generation 512K, Heap 2M
 Heap Min Capacity: 100M
 Heap Initial Capacity: 100M
 Heap Max Capacity: 2G
 Pre-touch: Disabled
 Parallel Workers: 8
Heap:
 PSYoungGen      total 4608K, used 1402K [0x00000000d5580000, 0x00000000d5f00000, 0x0000000100000000)
  eden space 4096K, 27% used [0x00000000d5580000,0x00000000d569e868,0x00000000d5980000)
  from space 512K, 50% used [0x00000000d5e80000,0x00000000d5ec0000,0x00000000d5f00000)
  to   space 512K, 0% used [0x00000000d5e00000,0x00000000d5e00000,0x00000000d5e80000)
 ParOldGen       total 1153536K, used 1153127K [0x0000000080000000, 0x00000000c6680000, 0x00000000d5580000)
  object space 1153536K, 99% used [0x0000000080000000,0x00000000c6619c20,0x00000000c6680000)
 Metaspace       used 88562K, committed 90304K, reserved 1179648K
  class space    used 8938K, committed 9728K, reserved 1048576K
GC Heap History (20 events):
Event: 1297.710 GC heap before
{Heap before GC invocations=2581 (full 6):
 PSYoungGen      total 4608K, used 4608K [0x00000000d5580000, 0x00000000d6000000, 0x0000000100000000)
  eden space 4096K, 100% used [0x00000000d5580000,0x00000000d5980000,0x00000000d5980000)
  from space 512K, 100% used [0x00000000d5f80000,0x00000000d6000000,0x00000000d6000000)
  to   space 2048K, 0% used [0x00000000d5c00000,0x00000000d5c00000,0x00000000d5e00000)
 ParOldGen       total 1150976K, used 1150863K [0x0000000080000000, 0x00000000c6400000, 0x00000000d5580000)
  object space 1150976K, 99% used [0x0000000080000000,0x00000000c63e3c10,0x00000000c6400000)
 Metaspace       used 88331K, committed 90048K, reserved 1179648K
  class space    used 8908K, committed 9664K, reserved 1048576K
}
Event: 1297.713 GC heap after
{Heap after GC invocations=2581 (full 6):
 PSYoungGen      total 6144K, used 442K [0x00000000d5580000, 0x00000000d6000000, 0x0000000100000000)
  eden space 4096K, 0% used [0x00000000d5580000,0x00000000d5580000,0x00000000d5980000)
  from space 2048K, 21% used [0x00000000d5c00000,0x00000000d5c6e920,0x00000000d5e00000)
  to   space 1024K, 0% used [0x00000000d5f00000,0x00000000d5f00000,0x00000000d6000000)
 ParOldGen       total 1151488K, used 1151364K [0x0000000080000000, 0x00000000c6480000, 0x00000000d5580000)
  object space 1151488K, 99% used [0x0000000080000000,0x00000000c6461220,0x00000000c6480000)
 Metaspace       used 88331K, committed 90048K, reserved 1179648K
  class space    used 8908K, committed 9664K, reserved 1048576K
}
Event: 1297.724 GC heap before
{Heap before GC invocations=2582 (full 6):
 PSYoungGen      total 6144K, used 4538K [0x00000000d5580000, 0x00000000d6000000, 0x0000000100000000)
  eden space 4096K, 100% used [0x00000000d5580000,0x00000000d5980000,0x00000000d5980000)
  from space 2048K, 21% used [0x00000000d5c00000,0x00000000d5c6e920,0x00000000d5e00000)
  to   space 1024K, 0% used [0x00000000d5f00000,0x00000000d5f00000,0x00000000d6000000)
 ParOldGen       total 1151488K, used 1151364K [0x0000000080000000, 0x00000000c6480000, 0x00000000d5580000)
  object space 1151488K, 99% used [0x0000000080000000,0x00000000c6461220,0x00000000c6480000)
 Metaspace       used 88331K, committed 90048K, reserved 1179648K
  class space    used 8908K, committed 9664K, reserved 1048576K
}
Event: 1297.727 GC heap after
{Heap after GC invocations=2582 (full 6):
 PSYoungGen      total 5120K, used 752K [0x00000000d5580000, 0x00000000d6000000, 0x0000000100000000)
  eden space 4096K, 0% used [0x00000000d5580000,0x00000000d5580000,0x00000000d5980000)
  from space 1024K, 73% used [0x00000000d5f00000,0x00000000d5fbc010,0x00000000d6000000)
  to   space 1024K, 0% used [0x00000000d5e00000,0x00000000d5e00000,0x00000000d5f00000)
 ParOldGen       total 1152000K, used 1151633K [0x0000000080000000, 0x00000000c6500000, 0x00000000d5580000)
  object space 1152000K, 99% used [0x0000000080000000,0x00000000c64a4440,0x00000000c6500000)
 Metaspace       used 88331K, committed 90048K, reserved 1179648K
  class space    used 8908K, committed 9664K, reserved 1048576K
}
Event: 1297.760 GC heap before
{Heap before GC invocations=2583 (full 6):
 PSYoungGen      total 5120K, used 4848K [0x00000000d5580000, 0x00000000d6000000, 0x0000000100000000)
  eden space 4096K, 100% used [0x00000000d5580000,0x00000000d5980000,0x00000000d5980000)
  from space 1024K, 73% used [0x00000000d5f00000,0x00000000d5fbc010,0x00000000d6000000)
  to   space 1024K, 0% used [0x00000000d5e00000,0x00000000d5e00000,0x00000000d5f00000)
 ParOldGen       total 1152000K, used 1151633K [0x0000000080000000, 0x00000000c6500000, 0x00000000d5580000)
  object space 1152000K, 99% used [0x0000000080000000,0x00000000c64a4440,0x00000000c6500000)
 Metaspace       used 88331K, committed 90048K, reserved 1179648K
  class space    used 8908K, committed 9664K, reserved 1048576K
}
Event: 1297.762 GC heap after
{Heap after GC invocations=2583 (full 6):
 PSYoungGen      total 5120K, used 618K [0x00000000d5580000, 0x00000000d5f80000, 0x0000000100000000)
  eden space 4096K, 0% used [0x00000000d5580000,0x00000000d5580000,0x00000000d5980000)
  from space 1024K, 60% used [0x00000000d5e00000,0x00000000d5e9a910,0x00000000d5f00000)
  to   space 512K, 0% used [0x00000000d5f00000,0x00000000d5f00000,0x00000000d5f80000)
 ParOldGen       total 1152000K, used 1151678K [0x0000000080000000, 0x00000000c6500000, 0x00000000d5580000)
  object space 1152000K, 99% used [0x0000000080000000,0x00000000c64afa50,0x00000000c6500000)
 Metaspace       used 88331K, committed 90048K, reserved 1179648K
  class space    used 8908K, committed 9664K, reserved 1048576K
}
Event: 1298.047 GC heap before
{Heap before GC invocations=2584 (full 6):
 PSYoungGen      total 5120K, used 4714K [0x00000000d5580000, 0x00000000d5f80000, 0x0000000100000000)
  eden space 4096K, 100% used [0x00000000d5580000,0x00000000d5980000,0x00000000d5980000)
  from space 1024K, 60% used [0x00000000d5e00000,0x00000000d5e9a910,0x00000000d5f00000)
  to   space 512K, 0% used [0x00000000d5f00000,0x00000000d5f00000,0x00000000d5f80000)
 ParOldGen       total 1152000K, used 1151678K [0x0000000080000000, 0x00000000c6500000, 0x00000000d5580000)
  object space 1152000K, 99% used [0x0000000080000000,0x00000000c64afa50,0x00000000c6500000)
 Metaspace       used 88332K, committed 90048K, reserved 1179648K
  class space    used 8908K, committed 9664K, reserved 1048576K
}
Event: 1298.049 GC heap after
{Heap after GC invocations=2584 (full 6):
 PSYoungGen      total 4608K, used 224K [0x00000000d5580000, 0x00000000d5f80000, 0x0000000100000000)
  eden space 4096K, 0% used [0x00000000d5580000,0x00000000d5580000,0x00000000d5980000)
  from space 512K, 43% used [0x00000000d5f00000,0x00000000d5f38000,0x00000000d5f80000)
  to   space 512K, 0% used [0x00000000d5e80000,0x00000000d5e80000,0x00000000d5f00000)
 ParOldGen       total 1152000K, used 1151710K [0x0000000080000000, 0x00000000c6500000, 0x00000000d5580000)
  object space 1152000K, 99% used [0x0000000080000000,0x00000000c64b7a50,0x00000000c6500000)
 Metaspace       used 88332K, committed 90048K, reserved 1179648K
  class space    used 8908K, committed 9664K, reserved 1048576K
}
Event: 1298.325 GC heap before
{Heap before GC invocations=2585 (full 6):
 PSYoungGen      total 4608K, used 4320K [0x00000000d5580000, 0x00000000d5f80000, 0x0000000100000000)
  eden space 4096K, 100% used [0x00000000d5580000,0x00000000d5980000,0x00000000d5980000)
  from space 512K, 43% used [0x00000000d5f00000,0x00000000d5f38000,0x00000000d5f80000)
  to   space 512K, 0% used [0x00000000d5e80000,0x00000000d5e80000,0x00000000d5f00000)
 ParOldGen       total 1152000K, used 1151710K [0x0000000080000000, 0x00000000c6500000, 0x00000000d5580000)
  object space 1152000K, 99% used [0x0000000080000000,0x00000000c64b7a50,0x00000000c6500000)
 Metaspace       used 88340K, committed 90048K, reserved 1179648K
  class space    used 8908K, committed 9664K, reserved 1048576K
}
Event: 1298.327 GC heap after
{Heap after GC invocations=2585 (full 6):
 PSYoungGen      total 4608K, used 500K [0x00000000d5580000, 0x00000000d5f80000, 0x0000000100000000)
  eden space 4096K, 0% used [0x00000000d5580000,0x00000000d5580000,0x00000000d5980000)
  from space 512K, 97% used [0x00000000d5e80000,0x00000000d5efd220,0x00000000d5f00000)
  to   space 512K, 0% used [0x00000000d5f00000,0x00000000d5f00000,0x00000000d5f80000)
 ParOldGen       total 1152000K, used 1151750K [0x0000000080000000, 0x00000000c6500000, 0x00000000d5580000)
  object space 1152000K, 99% used [0x0000000080000000,0x00000000c64c1a50,0x00000000c6500000)
 Metaspace       used 88340K, committed 90048K, reserved 1179648K
  class space    used 8908K, committed 9664K, reserved 1048576K
}
Event: 1298.347 GC heap before
{Heap before GC invocations=2586 (full 6):
 PSYoungGen      total 4608K, used 4596K [0x00000000d5580000, 0x00000000d5f80000, 0x0000000100000000)
  eden space 4096K, 100% used [0x00000000d5580000,0x00000000d5980000,0x00000000d5980000)
  from space 512K, 97% used [0x00000000d5e80000,0x00000000d5efd220,0x00000000d5f00000)
  to   space 512K, 0% used [0x00000000d5f00000,0x00000000d5f00000,0x00000000d5f80000)
 ParOldGen       total 1152000K, used 1151750K [0x0000000080000000, 0x00000000c6500000, 0x00000000d5580000)
  object space 1152000K, 99% used [0x0000000080000000,0x00000000c64c1a50,0x00000000c6500000)
 Metaspace       used 88340K, committed 90048K, reserved 1179648K
  class space    used 8908K, committed 9664K, reserved 1048576K
}
Event: 1298.350 GC heap after
{Heap after GC invocations=2586 (full 6):
 PSYoungGen      total 4608K, used 512K [0x00000000d5580000, 0x00000000d5f80000, 0x0000000100000000)
  eden space 4096K, 0% used [0x00000000d5580000,0x00000000d5580000,0x00000000d5980000)
  from space 512K, 100% used [0x00000000d5f00000,0x00000000d5f80000,0x00000000d5f80000)
  to   space 1024K, 0% used [0x00000000d5d80000,0x00000000d5d80000,0x00000000d5e80000)
 ParOldGen       total 1152512K, used 1152232K [0x0000000080000000, 0x00000000c6580000, 0x00000000d5580000)
  object space 1152512K, 99% used [0x0000000080000000,0x00000000c653a290,0x00000000c6580000)
 Metaspace       used 88340K, committed 90048K, reserved 1179648K
  class space    used 8908K, committed 9664K, reserved 1048576K
}
Event: 7214.279 GC heap before
{Heap before GC invocations=2587 (full 6):
 PSYoungGen      total 4608K, used 4540K [0x00000000d5580000, 0x00000000d5f80000, 0x0000000100000000)
  eden space 4096K, 98% used [0x00000000d5580000,0x00000000d596f218,0x00000000d5980000)
  from space 512K, 100% used [0x00000000d5f00000,0x00000000d5f80000,0x00000000d5f80000)
  to   space 1024K, 0% used [0x00000000d5d80000,0x00000000d5d80000,0x00000000d5e80000)
 ParOldGen       total 1152512K, used 1152232K [0x0000000080000000, 0x00000000c6580000, 0x00000000d5580000)
  object space 1152512K, 99% used [0x0000000080000000,0x00000000c653a290,0x00000000c6580000)
 Metaspace       used 88389K, committed 90112K, reserved 1179648K
  class space    used 8913K, committed 9664K, reserved 1048576K
}
Event: 7214.505 GC heap after
{Heap after GC invocations=2587 (full 6):
 PSYoungGen      total 5120K, used 576K [0x00000000d5580000, 0x00000000d5f80000, 0x0000000100000000)
  eden space 4096K, 0% used [0x00000000d5580000,0x00000000d5580000,0x00000000d5980000)
  from space 1024K, 56% used [0x00000000d5d80000,0x00000000d5e10000,0x00000000d5e80000)
  to   space 1024K, 0% used [0x00000000d5e80000,0x00000000d5e80000,0x00000000d5f80000)
 ParOldGen       total 1153024K, used 1152656K [0x0000000080000000, 0x00000000c6600000, 0x00000000d5580000)
  object space 1153024K, 99% used [0x0000000080000000,0x00000000c65a4290,0x00000000c6600000)
 Metaspace       used 88389K, committed 90112K, reserved 1179648K
  class space    used 8913K, committed 9664K, reserved 1048576K
}
Event: 7214.627 GC heap before
{Heap before GC invocations=2588 (full 6):
 PSYoungGen      total 5120K, used 4565K [0x00000000d5580000, 0x00000000d5f80000, 0x0000000100000000)
  eden space 4096K, 97% used [0x00000000d5580000,0x00000000d59657f8,0x00000000d5980000)
  from space 1024K, 56% used [0x00000000d5d80000,0x00000000d5e10000,0x00000000d5e80000)
  to   space 1024K, 0% used [0x00000000d5e80000,0x00000000d5e80000,0x00000000d5f80000)
 ParOldGen       total 1153024K, used 1152656K [0x0000000080000000, 0x00000000c6600000, 0x00000000d5580000)
  object space 1153024K, 99% used [0x0000000080000000,0x00000000c65a4290,0x00000000c6600000)
 Metaspace       used 88392K, committed 90112K, reserved 1179648K
  class space    used 8913K, committed 9664K, reserved 1048576K
}
Event: 7214.630 GC heap after
{Heap after GC invocations=2588 (full 6):
 PSYoungGen      total 4608K, used 224K [0x00000000d5580000, 0x00000000d5f00000, 0x0000000100000000)
  eden space 4096K, 0% used [0x00000000d5580000,0x00000000d5580000,0x00000000d5980000)
  from space 512K, 43% used [0x00000000d5e80000,0x00000000d5eb8000,0x00000000d5f00000)
  to   space 512K, 0% used [0x00000000d5e00000,0x00000000d5e00000,0x00000000d5e80000)
 ParOldGen       total 1153536K, used 1153087K [0x0000000080000000, 0x00000000c6680000, 0x00000000d5580000)
  object space 1153536K, 99% used [0x0000000080000000,0x00000000c660fc20,0x00000000c6680000)
 Metaspace       used 88392K, committed 90112K, reserved 1179648K
  class space    used 8913K, committed 9664K, reserved 1048576K
}
Event: 7214.866 GC heap before
{Heap before GC invocations=2589 (full 6):
 PSYoungGen      total 4608K, used 4283K [0x00000000d5580000, 0x00000000d5f00000, 0x0000000100000000)
  eden space 4096K, 99% used [0x00000000d5580000,0x00000000d5976ca0,0x00000000d5980000)
  from space 512K, 43% used [0x00000000d5e80000,0x00000000d5eb8000,0x00000000d5f00000)
  to   space 512K, 0% used [0x00000000d5e00000,0x00000000d5e00000,0x00000000d5e80000)
 ParOldGen       total 1153536K, used 1153087K [0x0000000080000000, 0x00000000c6680000, 0x00000000d5580000)
  object space 1153536K, 99% used [0x0000000080000000,0x00000000c660fc20,0x00000000c6680000)
 Metaspace       used 88392K, committed 90112K, reserved 1179648K
  class space    used 8913K, committed 9664K, reserved 1048576K
}
Event: 7214.869 GC heap after
{Heap after GC invocations=2589 (full 6):
 PSYoungGen      total 4608K, used 160K [0x00000000d5580000, 0x00000000d5f00000, 0x0000000100000000)
  eden space 4096K, 0% used [0x00000000d5580000,0x00000000d5580000,0x00000000d5980000)
  from space 512K, 31% used [0x00000000d5e00000,0x00000000d5e28000,0x00000000d5e80000)
  to   space 512K, 0% used [0x00000000d5e80000,0x00000000d5e80000,0x00000000d5f00000)
 ParOldGen       total 1153536K, used 1153103K [0x0000000080000000, 0x00000000c6680000, 0x00000000d5580000)
  object space 1153536K, 99% used [0x0000000080000000,0x00000000c6613c20,0x00000000c6680000)
 Metaspace       used 88392K, committed 90112K, reserved 1179648K
  class space    used 8913K, committed 9664K, reserved 1048576K
}
Event: 7216.665 GC heap before
{Heap before GC invocations=2590 (full 6):
 PSYoungGen      total 4608K, used 4256K [0x00000000d5580000, 0x00000000d5f00000, 0x0000000100000000)
  eden space 4096K, 100% used [0x00000000d5580000,0x00000000d5980000,0x00000000d5980000)
  from space 512K, 31% used [0x00000000d5e00000,0x00000000d5e28000,0x00000000d5e80000)
  to   space 512K, 0% used [0x00000000d5e80000,0x00000000d5e80000,0x00000000d5f00000)
 ParOldGen       total 1153536K, used 1153103K [0x0000000080000000, 0x00000000c6680000, 0x00000000d5580000)
  object space 1153536K, 99% used [0x0000000080000000,0x00000000c6613c20,0x00000000c6680000)
 Metaspace       used 88498K, committed 90240K, reserved 1179648K
  class space    used 8930K, committed 9728K, reserved 1048576K
}
Event: 7216.674 GC heap after
{Heap after GC invocations=2590 (full 6):
 PSYoungGen      total 4608K, used 256K [0x00000000d5580000, 0x00000000d5f00000, 0x0000000100000000)
  eden space 4096K, 0% used [0x00000000d5580000,0x00000000d5580000,0x00000000d5980000)
  from space 512K, 50% used [0x00000000d5e80000,0x00000000d5ec0000,0x00000000d5f00000)
  to   space 512K, 0% used [0x00000000d5e00000,0x00000000d5e00000,0x00000000d5e80000)
 ParOldGen       total 1153536K, used 1153127K [0x0000000080000000, 0x00000000c6680000, 0x00000000d5580000)
  object space 1153536K, 99% used [0x0000000080000000,0x00000000c6619c20,0x00000000c6680000)
 Metaspace       used 88498K, committed 90240K, reserved 1179648K
  class space    used 8930K, committed 9728K, reserved 1048576K
}

